<?xml version="1.0" encoding="UTF-8"?>
<testsuites>
  <testsuite name="CLI Arguments" tests="12" assertions="39" errors="0" failures="2" skipped="0" time="10.963875">
    <testsuite name="Tests\Feature\ContactTaskFlowTest" file="C:\laragon\www\ClientLoop\tests\Feature\ContactTaskFlowTest.php" tests="7" assertions="20" errors="0" failures="0" skipped="0" time="1.768357">
      <testcase name="test_task_uses_whatsapp_link_and_opt_out_cancels_pending_work" file="C:\laragon\www\ClientLoop\tests\Feature\ContactTaskFlowTest.php" line="26" class="Tests\Feature\ContactTaskFlowTest" classname="Tests.Feature.ContactTaskFlowTest" assertions="5" time="0.968360"/>
      <testcase name="test_global_scope_hides_other_company_customers" file="C:\laragon\www\ClientLoop\tests\Feature\ContactTaskFlowTest.php" line="46" class="Tests\Feature\ContactTaskFlowTest" classname="Tests.Feature.ContactTaskFlowTest" assertions="1" time="0.058776"/>
      <testcase name="test_campaign_excludes_opted_out_customers_and_creates_manual_tasks" file="C:\laragon\www\ClientLoop\tests\Feature\ContactTaskFlowTest.php" line="57" class="Tests\Feature\ContactTaskFlowTest" classname="Tests.Feature.ContactTaskFlowTest" assertions="2" time="0.139502"/>
      <testcase name="test_first_no_response_on_confirmation_keeps_task_pending" file="C:\laragon\www\ClientLoop\tests\Feature\ContactTaskFlowTest.php" line="71" class="Tests\Feature\ContactTaskFlowTest" classname="Tests.Feature.ContactTaskFlowTest" assertions="5" time="0.193477"/>
      <testcase name="test_second_no_response_on_confirmation_completes_task" file="C:\laragon\www\ClientLoop\tests\Feature\ContactTaskFlowTest.php" line="90" class="Tests\Feature\ContactTaskFlowTest" classname="Tests.Feature.ContactTaskFlowTest" assertions="3" time="0.155849"/>
      <testcase name="test_confirmed_after_first_no_response_marks_appointment_confirmed" file="C:\laragon\www\ClientLoop\tests\Feature\ContactTaskFlowTest.php" line="107" class="Tests\Feature\ContactTaskFlowTest" classname="Tests.Feature.ContactTaskFlowTest" assertions="2" time="0.131389"/>
      <testcase name="test_scheduled_outcome_completes_task_without_changing_linked_appointment" file="C:\laragon\www\ClientLoop\tests\Feature\ContactTaskFlowTest.php" line="123" class="Tests\Feature\ContactTaskFlowTest" classname="Tests.Feature.ContactTaskFlowTest" assertions="2" time="0.121006"/>
    </testsuite>
    <testsuite name="Tests\Feature\HourlyDateTimePickerTest" file="C:\laragon\www\ClientLoop\tests\Feature\HourlyDateTimePickerTest.php" tests="2" assertions="4" errors="0" failures="0" skipped="0" time="0.223744">
      <testcase name="test_it_offers_only_full_hour_time_slots_by_default" file="C:\laragon\www\ClientLoop\tests\Feature\HourlyDateTimePickerTest.php" line="17" class="Tests\Feature\HourlyDateTimePickerTest" classname="Tests.Feature.HourlyDateTimePickerTest" assertions="3" time="0.151822"/>
      <testcase name="test_it_uses_company_appointment_slot_minutes" file="C:\laragon\www\ClientLoop\tests\Feature\HourlyDateTimePickerTest.php" line="26" class="Tests\Feature\HourlyDateTimePickerTest" classname="Tests.Feature.HourlyDateTimePickerTest" assertions="1" time="0.071922"/>
    </testsuite>
    <testsuite name="Tests\Feature\ActivityLogUiTest" file="C:\laragon\www\ClientLoop\tests\Feature\ActivityLogUiTest.php" tests="2" assertions="2" errors="0" failures="2" skipped="0" time="8.969066">
      <testcase name="test_activity_log_page_lists_company_events_only" file="C:\laragon\www\ClientLoop\tests\Feature\ActivityLogUiTest.php" line="19" class="Tests\Feature\ActivityLogUiTest" classname="Tests.Feature.ActivityLogUiTest" assertions="1" time="5.463376">
        <failure type="PHPUnit\Framework\ExpectationFailedException">Tests\Feature\ActivityLogUiTest::test_activity_log_page_lists_company_events_only&#13;
Expected response status code [200] but received 500.
Failed asserting that 500 is identical to 200.&#13;
&#13;
The following exception occurred during the last request:

TypeError: App\Filament\Resources\ActivityLogs\ActivityLogResource::{closure:App\Filament\Resources\ActivityLogs\ActivityLogResource::table():61}(): Argument #1 ($state) must be of type ?array, string given, called in C:\laragon\www\ClientLoop\vendor\filament\support\src\Concerns\EvaluatesClosures.php on line 36 and defined in C:\laragon\www\ClientLoop\app\Filament\Resources\ActivityLogs\ActivityLogResource.php:61
Stack trace:
#0 C:\laragon\www\ClientLoop\vendor\filament\support\src\Concerns\EvaluatesClosures.php(36): App\Filament\Resources\ActivityLogs\ActivityLogResource::{closure:App\Filament\Resources\ActivityLogs\ActivityLogResource::table():61}('Pediu para para...')
#1 C:\laragon\www\ClientLoop\vendor\filament\tables\src\Columns\Concerns\CanFormatState.php(388): Filament\Support\Components\Component-&gt;evaluate(Object(Closure), Array)
#2 C:\laragon\www\ClientLoop\vendor\filament\tables\src\Columns\TextColumn.php(488): Filament\Tables\Columns\TextColumn-&gt;formatState('Pediu para para...')
#3 C:\laragon\www\ClientLoop\vendor\filament\support\src\Components\ViewComponent.php(144): Filament\Tables\Columns\TextColumn-&gt;toEmbeddedHtml()
#4 C:\laragon\www\ClientLoop\vendor\laravel\framework\src\Illuminate\Support\helpers.php(131): Filament\Support\Components\ViewComponent-&gt;toHtml()
#5 C:\laragon\www\ClientLoop\storage\framework\views\acf0010ff61f7b9b412181864171851b.php(3006): e(Object(Filament\Tables\Columns\TextColumn))
#6 C:\laragon\www\ClientLoop\vendor\livewire\livewire\src\Mechanisms\ExtendBlade\ExtendedCompilerEngine.php(37): include('C:\\laragon\\www\\...')
#7 C:\laragon\www\ClientLoop\vendor\livewire\livewire\src\Mechanisms\ExtendBlade\ExtendedCompilerEngine.php(38): App\Filament\Resources\ActivityLogs\Pages\ListActivityLogs-&gt;{closure:Livewire\Mechanisms\ExtendBlade\ExtendedCompilerEngine::evaluatePath():35}()
#8 C:\laragon\www\ClientLoop\vendor\laravel\framework\src\Illuminate\View\Engines\CompilerEngine.php(76): Livewire\Mechanisms\ExtendBlade\ExtendedCompilerEngine-&gt;evaluatePath('C:\\laragon\\www\\...', Array)
#9 C:\laragon\www\ClientLoop\vendor\livewire\livewire\src\Mechanisms\ExtendBlade\ExtendedCompilerEngine.php(16): Illuminate\View\Engines\CompilerEngine-&gt;get('C:\\laragon\\www\\...', Array)
#10 C:\laragon\www\ClientLoop\vendor\laravel\framework\src\Illuminate\View\View.php(208): Livewire\Mechanisms\ExtendBlade\ExtendedCompilerEngine-&gt;get('C:\\laragon\\www\\...', Array)
#11 C:\laragon\www\ClientLoop\vendor\laravel\framework\src\Illuminate\View\View.php(191): Illuminate\View\View-&gt;getContents()
#12 C:\laragon\www\ClientLoop\vendor\laravel\framework\src\Illuminate\View\View.php(160): Illuminate\View\View-&gt;renderContents()
#13 C:\laragon\www\ClientLoop\vendor\filament\support\src\Components\ViewComponent.php(133): Illuminate\View\View-&gt;render()
#14 C:\laragon\www\ClientLoop\vendor\filament\schemas\src\Components\Component.php(239): Filament\Support\Components\ViewComponent-&gt;toHtml()
#15 C:\laragon\www\ClientLoop\vendor\filament\schemas\src\Schema.php(234): Filament\Schemas\Components\Component-&gt;toSchemaHtml(true)
#16 C:\laragon\www\ClientLoop\vendor\filament\schemas\src\Schema.php(166): Filament\Schemas\Schema-&gt;renderEmbeddedHtml()
#17 C:\laragon\www\ClientLoop\vendor\filament\schemas\src\Components\Concerns\CanBeHidden.php(270): Filament\Schemas\Schema-&gt;{closure:Filament\Schemas\Schema::toEmbeddedHtml():166}()
#18 C:\laragon\www\ClientLoop\vendor\filament\schemas\src\Schema.php(166): Filament\Schemas\Components\Component::withVisibilityCache(Object(Closure))
#19 C:\laragon\www\ClientLoop\vendor\filament\support\src\Components\ViewComponent.php(144): Filament\Schemas\Schema-&gt;toEmbeddedHtml()
#20 C:\laragon\www\ClientLoop\vendor\laravel\framework\src\Illuminate\Support\helpers.php(131): Filament\Support\Components\ViewComponent-&gt;toHtml()
#21 C:\laragon\www\ClientLoop\storage\framework\views\274243972d9fdfed564152cfed2e0a0d.php(13): e(Object(Filament\Schemas\Schema))
#22 C:\laragon\www\ClientLoop\vendor\livewire\livewire\src\Mechanisms\ExtendBlade\ExtendedCompilerEngine.php(37): include('C:\\laragon\\www\\...')
#23 C:\laragon\www\ClientLoop\vendor\livewire\livewire\src\Mechanisms\ExtendBlade\ExtendedCompilerEngine.php(38): App\Filament\Resources\ActivityLogs\Pages\ListActivityLogs-&gt;{closure:Livewire\Mechanisms\ExtendBlade\ExtendedCompilerEngine::evaluatePath():35}()
#24 C:\laragon\www\ClientLoop\vendor\laravel\framework\src\Illuminate\View\Engines\CompilerEngine.php(76): Livewire\Mechanisms\ExtendBlade\ExtendedCompilerEngine-&gt;evaluatePath('C:\\laragon\\www\\...', Array)
#25 C:\laragon\www\ClientLoop\vendor\livewire\livewire\src\Mechanisms\ExtendBlade\ExtendedCompilerEngine.php(16): Illuminate\View\Engines\CompilerEngine-&gt;get('C:\\laragon\\www\\...', Array)
#26 C:\laragon\www\ClientLoop\vendor\laravel\framework\src\Illuminate\View\View.php(208): Livewire\Mechanisms\ExtendBlade\ExtendedCompilerEngine-&gt;get('C:\\laragon\\www\\...', Array)
#27 C:\laragon\www\ClientLoop\vendor\laravel\framework\src\Illuminate\View\View.php(191): Illuminate\View\View-&gt;getContents()
#28 C:\laragon\www\ClientLoop\vendor\laravel\framework\src\Illuminate\View\View.php(160): Illuminate\View\View-&gt;renderContents()
#29 C:\laragon\www\ClientLoop\vendor\livewire\livewire\src\Mechanisms\HandleComponents\HandleComponents.php(333): Illuminate\View\View-&gt;render(Object(Closure))
#30 C:\laragon\www\ClientLoop\vendor\livewire\livewire\src\Mechanisms\HandleComponents\HandleComponents.php(384): Livewire\Mechanisms\HandleComponents\HandleComponents-&gt;{closure:Livewire\Mechanisms\HandleComponents\HandleComponents::render():325}()
#31 C:\laragon\www\ClientLoop\vendor\livewire\livewire\src\Mechanisms\HandleComponents\HandleComponents.php(325): Livewire\Mechanisms\HandleComponents\HandleComponents-&gt;trackInRenderStack(Object(App\Filament\Resources\ActivityLogs\Pages\ListActivityLogs), Object(Closure))
#32 C:\laragon\www\ClientLoop\vendor\livewire\livewire\src\Mechanisms\HandleComponents\HandleComponents.php(65): Livewire\Mechanisms\HandleComponents\HandleComponents-&gt;render(Object(App\Filament\Resources\ActivityLogs\Pages\ListActivityLogs), '&lt;div&gt;&lt;/div&gt;')
#33 C:\laragon\www\ClientLoop\vendor\livewire\livewire\src\LivewireManager.php(103): Livewire\Mechanisms\HandleComponents\HandleComponents-&gt;mount('App\\Filament\\Re...', Array, NULL, Array)
#34 C:\laragon\www\ClientLoop\vendor\livewire\livewire\src\Features\SupportPageComponents\HandlesPageComponents.php(19): Livewire\LivewireManager-&gt;mount('App\\Filament\\Re...', Array)
#35 C:\laragon\www\ClientLoop\vendor\livewire\livewire\src\Features\SupportPageComponents\SupportPageComponents.php(119): Livewire\Component-&gt;{closure:Livewire\Features\SupportPageComponents\HandlesPageComponents::__invoke():14}()
#36 C:\laragon\www\ClientLoop\vendor\livewire\livewire\src\Features\SupportPageComponents\HandlesPageComponents.php(14): Livewire\Features\SupportPageComponents\SupportPageComponents::interceptTheRenderOfTheComponentAndRetreiveTheLayoutConfiguration(Object(Closure))
#37 C:\laragon\www\ClientLoop\vendor\laravel\framework\src\Illuminate\Routing\ControllerDispatcher.php(46): Livewire\Component-&gt;__invoke()
#38 C:\laragon\www\ClientLoop\vendor\laravel\framework\src\Illuminate\Routing\Route.php(276): Illuminate\Routing\ControllerDispatcher-&gt;dispatch(Object(Illuminate\Routing\Route), Object(App\Filament\Resources\ActivityLogs\Pages\ListActivityLogs), '__invoke')
#39 C:\laragon\www\ClientLoop\vendor\laravel\framework\src\Illuminate\Routing\Route.php(216): Illuminate\Routing\Route-&gt;runController()
#40 C:\laragon\www\ClientLoop\vendor\laravel\framework\src\Illuminate\Routing\Router.php(822): Illuminate\Routing\Route-&gt;run()
#41 C:\laragon\www\ClientLoop\vendor\laravel\framework\src\Illuminate\Pipeline\Pipeline.php(180): Illuminate\Routing\Router-&gt;{closure:Illuminate\Routing\Router::runRouteWithinStack():821}(Object(Illuminate\Http\Request))
#42 C:\laragon\www\ClientLoop\vendor\filament\filament\src\Http\Middleware\DispatchServingFilamentEvent.php(15): Illuminate\Pipeline\Pipeline-&gt;{closure:Illuminate\Pipeline\Pipeline::prepareDestination():178}(Object(Illuminate\Http\Request))
#43 C:\laragon\www\ClientLoop\vendor\laravel\framework\src\Illuminate\Pipeline\Pipeline.php(219): Filament\Http\Middleware\DispatchServingFilamentEvent-&gt;handle(Object(Illuminate\Http\Request), Object(Closure))
#44 C:\laragon\www\ClientLoop\vendor\filament\filament\src\Http\Middleware\DisableBladeIconComponents.php(14): Illuminate\Pipeline\Pipeline-&gt;{closure:{closure:Illuminate\Pipeline\Pipeline::carry():194}:195}(Object(Illuminate\Http\Request))
#45 C:\laragon\www\ClientLoop\vendor\laravel\framework\src\Illuminate\Pipeline\Pipeline.php(219): Filament\Http\Middleware\DisableBladeIconComponents-&gt;handle(Object(Illuminate\Http\Request), Object(Closure))
#46 C:\laragon\www\ClientLoop\vendor\laravel\framework\src\Illuminate\Routing\Middleware\SubstituteBindings.php(52): Illuminate\Pipeline\Pipeline-&gt;{closure:{closure:Illuminate\Pipeline\Pipeline::carry():194}:195}(Object(Illuminate\Http\Request))
#47 C:\laragon\www\ClientLoop\vendor\laravel\framework\src\Illuminate\Pipeline\Pipeline.php(219): Illuminate\Routing\Middleware\SubstituteBindings-&gt;handle(Object(Illuminate\Http\Request), Object(Closure))
#48 C:\laragon\www\ClientLoop\vendor\laravel\framework\src\Illuminate\Foundation\Http\Middleware\PreventRequestForgery.php(104): Illuminate\Pipeline\Pipeline-&gt;{closure:{closure:Illuminate\Pipeline\Pipeline::carry():194}:195}(Object(Illuminate\Http\Request))
#49 C:\laragon\www\ClientLoop\vendor\laravel\framework\src\Illuminate\Pipeline\Pipeline.php(219): Illuminate\Foundation\Http\Middleware\PreventRequestForgery-&gt;handle(Object(Illuminate\Http\Request), Object(Closure))
#50 C:\laragon\www\ClientLoop\vendor\laravel\framework\src\Illuminate\Session\Middleware\AuthenticateSession.php(70): Illuminate\Pipeline\Pipeline-&gt;{closure:{closure:Illuminate\Pipeline\Pipeline::carry():194}:195}(Object(Illuminate\Http\Request))
#51 C:\laragon\www\ClientLoop\vendor\laravel\framework\src\Illuminate\Pipeline\Pipeline.php(219): Illuminate\Session\Middleware\AuthenticateSession-&gt;handle(Object(Illuminate\Http\Request), Object(Closure))
#52 C:\laragon\www\ClientLoop\vendor\laravel\framework\src\Illuminate\Auth\Middleware\Authenticate.php(63): Illuminate\Pipeline\Pipeline-&gt;{closure:{closure:Illuminate\Pipeline\Pipeline::carry():194}:195}(Object(Illuminate\Http\Request))
#53 C:\laragon\www\ClientLoop\vendor\laravel\framework\src\Illuminate\Pipeline\Pipeline.php(219): Illuminate\Auth\Middleware\Authenticate-&gt;handle(Object(Illuminate\Http\Request), Object(Closure))
#54 C:\laragon\www\ClientLoop\vendor\laravel\framework\src\Illuminate\View\Middleware\ShareErrorsFromSession.php(48): Illuminate\Pipeline\Pipeline-&gt;{closure:{closure:Illuminate\Pipeline\Pipeline::carry():194}:195}(Object(Illuminate\Http\Request))
#55 C:\laragon\www\ClientLoop\vendor\laravel\framework\src\Illuminate\Pipeline\Pipeline.php(219): Illuminate\View\Middleware\ShareErrorsFromSession-&gt;handle(Object(Illuminate\Http\Request), Object(Closure))
#56 C:\laragon\www\ClientLoop\vendor\laravel\framework\src\Illuminate\Session\Middleware\StartSession.php(120): Illuminate\Pipeline\Pipeline-&gt;{closure:{closure:Illuminate\Pipeline\Pipeline::carry():194}:195}(Object(Illuminate\Http\Request))
#57 C:\laragon\www\ClientLoop\vendor\laravel\framework\src\Illuminate\Session\Middleware\StartSession.php(63): Illuminate\Session\Middleware\StartSession-&gt;handleStatefulRequest(Object(Illuminate\Http\Request), Object(Illuminate\Session\Store), Object(Closure))
#58 C:\laragon\www\ClientLoop\vendor\laravel\framework\src\Illuminate\Pipeline\Pipeline.php(219): Illuminate\Session\Middleware\StartSession-&gt;handle(Object(Illuminate\Http\Request), Object(Closure))
#59 C:\laragon\www\ClientLoop\vendor\laravel\framework\src\Illuminate\Cookie\Middleware\AddQueuedCookiesToResponse.php(36): Illuminate\Pipeline\Pipeline-&gt;{closure:{closure:Illuminate\Pipeline\Pipeline::carry():194}:195}(Object(Illuminate\Http\Request))
#60 C:\laragon\www\ClientLoop\vendor\laravel\framework\src\Illuminate\Pipeline\Pipeline.php(219): Illuminate\Cookie\Middleware\AddQueuedCookiesToResponse-&gt;handle(Object(Illuminate\Http\Request), Object(Closure))
#61 C:\laragon\www\ClientLoop\vendor\laravel\framework\src\Illuminate\Cookie\Middleware\EncryptCookies.php(74): Illuminate\Pipeline\Pipeline-&gt;{closure:{closure:Illuminate\Pipeline\Pipeline::carry():194}:195}(Object(Illuminate\Http\Request))
#62 C:\laragon\www\ClientLoop\vendor\laravel\framework\src\Illuminate\Pipeline\Pipeline.php(219): Illuminate\Cookie\Middleware\EncryptCookies-&gt;handle(Object(Illuminate\Http\Request), Object(Closure))
#63 C:\laragon\www\ClientLoop\vendor\filament\filament\src\Http\Middleware\SetUpPanel.php(19): Illuminate\Pipeline\Pipeline-&gt;{closure:{closure:Illuminate\Pipeline\Pipeline::carry():194}:195}(Object(Illuminate\Http\Request))
#64 C:\laragon\www\ClientLoop\vendor\laravel\framework\src\Illuminate\Pipeline\Pipeline.php(219): Filament\Http\Middleware\SetUpPanel-&gt;handle(Object(Illuminate\Http\Request), Object(Closure), Object(Filament\Panel))
#65 C:\laragon\www\ClientLoop\vendor\laravel\framework\src\Illuminate\Pipeline\Pipeline.php(137): Illuminate\Pipeline\Pipeline-&gt;{closure:{closure:Illuminate\Pipeline\Pipeline::carry():194}:195}(Object(Illuminate\Http\Request))
#66 C:\laragon\www\ClientLoop\vendor\laravel\framework\src\Illuminate\Routing\Router.php(821): Illuminate\Pipeline\Pipeline-&gt;then(Object(Closure))
#67 C:\laragon\www\ClientLoop\vendor\laravel\framework\src\Illuminate\Routing\Router.php(800): Illuminate\Routing\Router-&gt;runRouteWithinStack(Object(Illuminate\Routing\Route), Object(Illuminate\Http\Request))
#68 C:\laragon\www\ClientLoop\vendor\laravel\framework\src\Illuminate\Routing\Router.php(764): Illuminate\Routing\Router-&gt;runRoute(Object(Illuminate\Http\Request), Object(Illuminate\Routing\Route))
#69 C:\laragon\www\ClientLoop\vendor\laravel\framework\src\Illuminate\Routing\Router.php(753): Illuminate\Routing\Router-&gt;dispatchToRoute(Object(Illuminate\Http\Request))
#70 C:\laragon\www\ClientLoop\vendor\laravel\framework\src\Illuminate\Foundation\Http\Kernel.php(200): Illuminate\Routing\Router-&gt;dispatch(Object(Illuminate\Http\Request))
#71 C:\laragon\www\ClientLoop\vendor\laravel\framework\src\Illuminate\Pipeline\Pipeline.php(180): Illuminate\Foundation\Http\Kernel-&gt;{closure:Illuminate\Foundation\Http\Kernel::dispatchToRouter():197}(Object(Illuminate\Http\Request))
#72 C:\laragon\www\ClientLoop\vendor\livewire\livewire\src\Features\SupportDisablingBackButtonCache\DisableBackButtonCacheMiddleware.php(19): Illuminate\Pipeline\Pipeline-&gt;{closure:Illuminate\Pipeline\Pipeline::prepareDestination():178}(Object(Illuminate\Http\Request))
#73 C:\laragon\www\ClientLoop\vendor\laravel\framework\src\Illuminate\Pipeline\Pipeline.php(219): Livewire\Features\SupportDisablingBackButtonCache\DisableBackButtonCacheMiddleware-&gt;handle(Object(Illuminate\Http\Request), Object(Closure))
#74 C:\laragon\www\ClientLoop\vendor\laravel\mcp\src\Server\Middleware\AddWwwAuthenticateHeader.php(21): Illuminate\Pipeline\Pipeline-&gt;{closure:{closure:Illuminate\Pipeline\Pipeline::carry():194}:195}(Object(Illuminate\Http\Request))
#75 C:\laragon\www\ClientLoop\vendor\laravel\framework\src\Illuminate\Pipeline\Pipeline.php(219): Laravel\Mcp\Server\Middleware\AddWwwAuthenticateHeader-&gt;handle(Object(Illuminate\Http\Request), Object(Closure))
#76 C:\laragon\www\ClientLoop\vendor\laravel\framework\src\Illuminate\Foundation\Http\Middleware\TransformsRequest.php(21): Illuminate\Pipeline\Pipeline-&gt;{closure:{closure:Illuminate\Pipeline\Pipeline::carry():194}:195}(Object(Illuminate\Http\Request))
#77 C:\laragon\www\ClientLoop\vendor\laravel\framework\src\Illuminate\Foundation\Http\Middleware\ConvertEmptyStringsToNull.php(31): Illuminate\Foundation\Http\Middleware\TransformsRequest-&gt;handle(Object(Illuminate\Http\Request), Object(Closure))
#78 C:\laragon\www\ClientLoop\vendor\laravel\framework\src\Illuminate\Pipeline\Pipeline.php(219): Illuminate\Foundation\Http\Middleware\ConvertEmptyStringsToNull-&gt;handle(Object(Illuminate\Http\Request), Object(Closure))
#79 C:\laragon\www\ClientLoop\vendor\laravel\framework\src\Illuminate\Foundation\Http\Middleware\TransformsRequest.php(21): Illuminate\Pipeline\Pipeline-&gt;{closure:{closure:Illuminate\Pipeline\Pipeline::carry():194}:195}(Object(Illuminate\Http\Request))
#80 C:\laragon\www\ClientLoop\vendor\laravel\framework\src\Illuminate\Foundation\Http\Middleware\TrimStrings.php(51): Illuminate\Foundation\Http\Middleware\TransformsRequest-&gt;handle(Object(Illuminate\Http\Request), Object(Closure))
#81 C:\laragon\www\ClientLoop\vendor\laravel\framework\src\Illuminate\Pipeline\Pipeline.php(219): Illuminate\Foundation\Http\Middleware\TrimStrings-&gt;handle(Object(Illuminate\Http\Request), Object(Closure))
#82 C:\laragon\www\ClientLoop\vendor\laravel\framework\src\Illuminate\Http\Middleware\ValidatePostSize.php(27): Illuminate\Pipeline\Pipeline-&gt;{closure:{closure:Illuminate\Pipeline\Pipeline::carry():194}:195}(Object(Illuminate\Http\Request))
#83 C:\laragon\www\ClientLoop\vendor\laravel\framework\src\Illuminate\Pipeline\Pipeline.php(219): Illuminate\Http\Middleware\ValidatePostSize-&gt;handle(Object(Illuminate\Http\Request), Object(Closure))
#84 C:\laragon\www\ClientLoop\vendor\laravel\framework\src\Illuminate\Foundation\Http\Middleware\PreventRequestsDuringMaintenance.php(110): Illuminate\Pipeline\Pipeline-&gt;{closure:{closure:Illuminate\Pipeline\Pipeline::carry():194}:195}(Object(Illuminate\Http\Request))
#85 C:\laragon\www\ClientLoop\vendor\laravel\framework\src\Illuminate\Pipeline\Pipeline.php(219): Illuminate\Foundation\Http\Middleware\PreventRequestsDuringMaintenance-&gt;handle(Object(Illuminate\Http\Request), Object(Closure))
#86 C:\laragon\www\ClientLoop\vendor\laravel\framework\src\Illuminate\Http\Middleware\HandleCors.php(61): Illuminate\Pipeline\Pipeline-&gt;{closure:{closure:Illuminate\Pipeline\Pipeline::carry():194}:195}(Object(Illuminate\Http\Request))
#87 C:\laragon\www\ClientLoop\vendor\laravel\framework\src\Illuminate\Pipeline\Pipeline.php(219): Illuminate\Http\Middleware\HandleCors-&gt;handle(Object(Illuminate\Http\Request), Object(Closure))
#88 C:\laragon\www\ClientLoop\vendor\laravel\framework\src\Illuminate\Http\Middleware\TrustProxies.php(58): Illuminate\Pipeline\Pipeline-&gt;{closure:{closure:Illuminate\Pipeline\Pipeline::carry():194}:195}(Object(Illuminate\Http\Request))
#89 C:\laragon\www\ClientLoop\vendor\laravel\framework\src\Illuminate\Pipeline\Pipeline.php(219): Illuminate\Http\Middleware\TrustProxies-&gt;handle(Object(Illuminate\Http\Request), Object(Closure))
#90 C:\laragon\www\ClientLoop\vendor\laravel\framework\src\Illuminate\Foundation\Http\Middleware\InvokeDeferredCallbacks.php(22): Illuminate\Pipeline\Pipeline-&gt;{closure:{closure:Illuminate\Pipeline\Pipeline::carry():194}:195}(Object(Illuminate\Http\Request))
#91 C:\laragon\www\ClientLoop\vendor\laravel\framework\src\Illuminate\Pipeline\Pipeline.php(219): Illuminate\Foundation\Http\Middleware\InvokeDeferredCallbacks-&gt;handle(Object(Illuminate\Http\Request), Object(Closure))
#92 C:\laragon\www\ClientLoop\vendor\laravel\framework\src\Illuminate\Http\Middleware\ValidatePathEncoding.php(28): Illuminate\Pipeline\Pipeline-&gt;{closure:{closure:Illuminate\Pipeline\Pipeline::carry():194}:195}(Object(Illuminate\Http\Request))
#93 C:\laragon\www\ClientLoop\vendor\laravel\framework\src\Illuminate\Pipeline\Pipeline.php(219): Illuminate\Http\Middleware\ValidatePathEncoding-&gt;handle(Object(Illuminate\Http\Request), Object(Closure))
#94 C:\laragon\www\ClientLoop\vendor\laravel\framework\src\Illuminate\Pipeline\Pipeline.php(137): Illuminate\Pipeline\Pipeline-&gt;{closure:{closure:Illuminate\Pipeline\Pipeline::carry():194}:195}(Object(Illuminate\Http\Request))
#95 C:\laragon\www\ClientLoop\vendor\laravel\framework\src\Illuminate\Foundation\Http\Kernel.php(175): Illuminate\Pipeline\Pipeline-&gt;then(Object(Closure))
#96 C:\laragon\www\ClientLoop\vendor\laravel\framework\src\Illuminate\Foundation\Http\Kernel.php(144): Illuminate\Foundation\Http\Kernel-&gt;sendRequestThroughRouter(Object(Illuminate\Http\Request))
#97 C:\laragon\www\ClientLoop\vendor\laravel\framework\src\Illuminate\Foundation\Testing\Concerns\MakesHttpRequests.php(638): Illuminate\Foundation\Http\Kernel-&gt;handle(Object(Illuminate\Http\Request))
#98 C:\laragon\www\ClientLoop\vendor\laravel\framework\src\Illuminate\Foundation\Testing\Concerns\MakesHttpRequests.php(368): Illuminate\Foundation\Testing\TestCase-&gt;call('GET', '/admin/activity...', Array, Array, Array, Array)
#99 C:\laragon\www\ClientLoop\tests\Feature\ActivityLogUiTest.php(42): Illuminate\Foundation\Testing\TestCase-&gt;get('/admin/activity...')
#100 C:\laragon\www\ClientLoop\vendor\phpunit\phpunit\src\Framework\TestCase.php(1318): Tests\Feature\ActivityLogUiTest-&gt;test_activity_log_page_lists_company_events_only()
#101 C:\laragon\www\ClientLoop\vendor\phpunit\phpunit\src\Framework\TestCase.php(1355): PHPUnit\Framework\TestCase-&gt;invokeTestMethod('test_activity_l...', Array)
#102 C:\laragon\www\ClientLoop\vendor\phpunit\phpunit\src\Framework\TestCase.php(521): PHPUnit\Framework\TestCase-&gt;runTest()
#103 C:\laragon\www\ClientLoop\vendor\phpunit\phpunit\src\Framework\TestRunner\TestRunner.php(99): PHPUnit\Framework\TestCase-&gt;runBare()
#104 C:\laragon\www\ClientLoop\vendor\phpunit\phpunit\src\Framework\TestCase.php(361): PHPUnit\Framework\TestRunner-&gt;run(Object(Tests\Feature\ActivityLogUiTest))
#105 C:\laragon\www\ClientLoop\vendor\phpunit\phpunit\src\Framework\TestSuite.php(374): PHPUnit\Framework\TestCase-&gt;run()
#106 C:\laragon\www\ClientLoop\vendor\phpunit\phpunit\src\Framework\TestSuite.php(374): PHPUnit\Framework\TestSuite-&gt;run()
#107 C:\laragon\www\ClientLoop\vendor\phpunit\phpunit\src\TextUI\TestRunner.php(64): PHPUnit\Framework\TestSuite-&gt;run()
#108 C:\laragon\www\ClientLoop\vendor\phpunit\phpunit\src\TextUI\Application.php(229): PHPUnit\TextUI\TestRunner-&gt;run(Object(PHPUnit\TextUI\Configuration\Configuration), Object(PHPUnit\Runner\ResultCache\DefaultResultCache), Object(PHPUnit\Framework\TestSuite))
#109 C:\laragon\www\ClientLoop\vendor\phpunit\phpunit\phpunit(104): PHPUnit\TextUI\Application-&gt;run(Array)
#110 {main}

Next Illuminate\View\ViewException: App\Filament\Resources\ActivityLogs\ActivityLogResource::{closure:App\Filament\Resources\ActivityLogs\ActivityLogResource::table():61}(): Argument #1 ($state) must be of type ?array, string given, called in C:\laragon\www\ClientLoop\vendor\filament\support\src\Concerns\EvaluatesClosures.php on line 36 (View: C:\laragon\www\ClientLoop\vendor\filament\tables\resources\views\index.blade.php) in C:\laragon\www\ClientLoop\app\Filament\Resources\ActivityLogs\ActivityLogResource.php:61
Stack trace:
#0 C:\laragon\www\ClientLoop\vendor\livewire\livewire\src\Mechanisms\ExtendBlade\ExtendedCompilerEngine.php(58): Illuminate\View\Engines\CompilerEngine-&gt;handleViewException(Object(TypeError), 5)
#1 C:\laragon\www\ClientLoop\vendor\livewire\livewire\src\Mechanisms\ExtendBlade\ExtendedCompilerEngine.php(40): Livewire\Mechanisms\ExtendBlade\ExtendedCompilerEngine-&gt;handleViewException(Object(TypeError), 5)
#2 C:\laragon\www\ClientLoop\vendor\laravel\framework\src\Illuminate\View\Engines\CompilerEngine.php(76): Livewire\Mechanisms\ExtendBlade\ExtendedCompilerEngine-&gt;evaluatePath('C:\\laragon\\www\\...', Array)
#3 C:\laragon\www\ClientLoop\vendor\livewire\livewire\src\Mechanisms\ExtendBlade\ExtendedCompilerEngine.php(16): Illuminate\View\Engines\CompilerEngine-&gt;get('C:\\laragon\\www\\...', Array)
#4 C:\laragon\www\ClientLoop\vendor\laravel\framework\src\Illuminate\View\View.php(208): Livewire\Mechanisms\ExtendBlade\ExtendedCompilerEngine-&gt;get('C:\\laragon\\www\\...', Array)
#5 C:\laragon\www\ClientLoop\vendor\laravel\framework\src\Illuminate\View\View.php(191): Illuminate\View\View-&gt;getContents()
#6 C:\laragon\www\ClientLoop\vendor\laravel\framework\src\Illuminate\View\View.php(160): Illuminate\View\View-&gt;renderContents()
#7 C:\laragon\www\ClientLoop\vendor\filament\support\src\Components\ViewComponent.php(133): Illuminate\View\View-&gt;render()
#8 C:\laragon\www\ClientLoop\vendor\filament\schemas\src\Components\Component.php(239): Filament\Support\Components\ViewComponent-&gt;toHtml()
#9 C:\laragon\www\ClientLoop\vendor\filament\schemas\src\Schema.php(234): Filament\Schemas\Components\Component-&gt;toSchemaHtml(true)
#10 C:\laragon\www\ClientLoop\vendor\filament\schemas\src\Schema.php(166): Filament\Schemas\Schema-&gt;renderEmbeddedHtml()
#11 C:\laragon\www\ClientLoop\vendor\filament\schemas\src\Components\Concerns\CanBeHidden.php(270): Filament\Schemas\Schema-&gt;{closure:Filament\Schemas\Schema::toEmbeddedHtml():166}()
#12 C:\laragon\www\ClientLoop\vendor\filament\schemas\src\Schema.php(166): Filament\Schemas\Components\Component::withVisibilityCache(Object(Closure))
#13 C:\laragon\www\ClientLoop\vendor\filament\support\src\Components\ViewComponent.php(144): Filament\Schemas\Schema-&gt;toEmbeddedHtml()
#14 C:\laragon\www\ClientLoop\vendor\laravel\framework\src\Illuminate\Support\helpers.php(131): Filament\Support\Components\ViewComponent-&gt;toHtml()
#15 C:\laragon\www\ClientLoop\storage\framework\views\274243972d9fdfed564152cfed2e0a0d.php(13): e(Object(Filament\Schemas\Schema))
#16 C:\laragon\www\ClientLoop\vendor\livewire\livewire\src\Mechanisms\ExtendBlade\ExtendedCompilerEngine.php(37): include('C:\\laragon\\www\\...')
#17 C:\laragon\www\ClientLoop\vendor\livewire\livewire\src\Mechanisms\ExtendBlade\ExtendedCompilerEngine.php(38): App\Filament\Resources\ActivityLogs\Pages\ListActivityLogs-&gt;{closure:Livewire\Mechanisms\ExtendBlade\ExtendedCompilerEngine::evaluatePath():35}()
#18 C:\laragon\www\ClientLoop\vendor\laravel\framework\src\Illuminate\View\Engines\CompilerEngine.php(76): Livewire\Mechanisms\ExtendBlade\ExtendedCompilerEngine-&gt;evaluatePath('C:\\laragon\\www\\...', Array)
#19 C:\laragon\www\ClientLoop\vendor\livewire\livewire\src\Mechanisms\ExtendBlade\ExtendedCompilerEngine.php(16): Illuminate\View\Engines\CompilerEngine-&gt;get('C:\\laragon\\www\\...', Array)
#20 C:\laragon\www\ClientLoop\vendor\laravel\framework\src\Illuminate\View\View.php(208): Livewire\Mechanisms\ExtendBlade\ExtendedCompilerEngine-&gt;get('C:\\laragon\\www\\...', Array)
#21 C:\laragon\www\ClientLoop\vendor\laravel\framework\src\Illuminate\View\View.php(191): Illuminate\View\View-&gt;getContents()
#22 C:\laragon\www\ClientLoop\vendor\laravel\framework\src\Illuminate\View\View.php(160): Illuminate\View\View-&gt;renderContents()
#23 C:\laragon\www\ClientLoop\vendor\livewire\livewire\src\Mechanisms\HandleComponents\HandleComponents.php(333): Illuminate\View\View-&gt;render(Object(Closure))
#24 C:\laragon\www\ClientLoop\vendor\livewire\livewire\src\Mechanisms\HandleComponents\HandleComponents.php(384): Livewire\Mechanisms\HandleComponents\HandleComponents-&gt;{closure:Livewire\Mechanisms\HandleComponents\HandleComponents::render():325}()
#25 C:\laragon\www\ClientLoop\vendor\livewire\livewire\src\Mechanisms\HandleComponents\HandleComponents.php(325): Livewire\Mechanisms\HandleComponents\HandleComponents-&gt;trackInRenderStack(Object(App\Filament\Resources\ActivityLogs\Pages\ListActivityLogs), Object(Closure))
#26 C:\laragon\www\ClientLoop\vendor\livewire\livewire\src\Mechanisms\HandleComponents\HandleComponents.php(65): Livewire\Mechanisms\HandleComponents\HandleComponents-&gt;render(Object(App\Filament\Resources\ActivityLogs\Pages\ListActivityLogs), '&lt;div&gt;&lt;/div&gt;')
#27 C:\laragon\www\ClientLoop\vendor\livewire\livewire\src\LivewireManager.php(103): Livewire\Mechanisms\HandleComponents\HandleComponents-&gt;mount('App\\Filament\\Re...', Array, NULL, Array)
#28 C:\laragon\www\ClientLoop\vendor\livewire\livewire\src\Features\SupportPageComponents\HandlesPageComponents.php(19): Livewire\LivewireManager-&gt;mount('App\\Filament\\Re...', Array)
#29 C:\laragon\www\ClientLoop\vendor\livewire\livewire\src\Features\SupportPageComponents\SupportPageComponents.php(119): Livewire\Component-&gt;{closure:Livewire\Features\SupportPageComponents\HandlesPageComponents::__invoke():14}()
#30 C:\laragon\www\ClientLoop\vendor\livewire\livewire\src\Features\SupportPageComponents\HandlesPageComponents.php(14): Livewire\Features\SupportPageComponents\SupportPageComponents::interceptTheRenderOfTheComponentAndRetreiveTheLayoutConfiguration(Object(Closure))
#31 C:\laragon\www\ClientLoop\vendor\laravel\framework\src\Illuminate\Routing\ControllerDispatcher.php(46): Livewire\Component-&gt;__invoke()
#32 C:\laragon\www\ClientLoop\vendor\laravel\framework\src\Illuminate\Routing\Route.php(276): Illuminate\Routing\ControllerDispatcher-&gt;dispatch(Object(Illuminate\Routing\Route), Object(App\Filament\Resources\ActivityLogs\Pages\ListActivityLogs), '__invoke')
#33 C:\laragon\www\ClientLoop\vendor\laravel\framework\src\Illuminate\Routing\Route.php(216): Illuminate\Routing\Route-&gt;runController()
#34 C:\laragon\www\ClientLoop\vendor\laravel\framework\src\Illuminate\Routing\Router.php(822): Illuminate\Routing\Route-&gt;run()
#35 C:\laragon\www\ClientLoop\vendor\laravel\framework\src\Illuminate\Pipeline\Pipeline.php(180): Illuminate\Routing\Router-&gt;{closure:Illuminate\Routing\Router::runRouteWithinStack():821}(Object(Illuminate\Http\Request))
#36 C:\laragon\www\ClientLoop\vendor\filament\filament\src\Http\Middleware\DispatchServingFilamentEvent.php(15): Illuminate\Pipeline\Pipeline-&gt;{closure:Illuminate\Pipeline\Pipeline::prepareDestination():178}(Object(Illuminate\Http\Request))
#37 C:\laragon\www\ClientLoop\vendor\laravel\framework\src\Illuminate\Pipeline\Pipeline.php(219): Filament\Http\Middleware\DispatchServingFilamentEvent-&gt;handle(Object(Illuminate\Http\Request), Object(Closure))
#38 C:\laragon\www\ClientLoop\vendor\filament\filament\src\Http\Middleware\DisableBladeIconComponents.php(14): Illuminate\Pipeline\Pipeline-&gt;{closure:{closure:Illuminate\Pipeline\Pipeline::carry():194}:195}(Object(Illuminate\Http\Request))
#39 C:\laragon\www\ClientLoop\vendor\laravel\framework\src\Illuminate\Pipeline\Pipeline.php(219): Filament\Http\Middleware\DisableBladeIconComponents-&gt;handle(Object(Illuminate\Http\Request), Object(Closure))
#40 C:\laragon\www\ClientLoop\vendor\laravel\framework\src\Illuminate\Routing\Middleware\SubstituteBindings.php(52): Illuminate\Pipeline\Pipeline-&gt;{closure:{closure:Illuminate\Pipeline\Pipeline::carry():194}:195}(Object(Illuminate\Http\Request))
#41 C:\laragon\www\ClientLoop\vendor\laravel\framework\src\Illuminate\Pipeline\Pipeline.php(219): Illuminate\Routing\Middleware\SubstituteBindings-&gt;handle(Object(Illuminate\Http\Request), Object(Closure))
#42 C:\laragon\www\ClientLoop\vendor\laravel\framework\src\Illuminate\Foundation\Http\Middleware\PreventRequestForgery.php(104): Illuminate\Pipeline\Pipeline-&gt;{closure:{closure:Illuminate\Pipeline\Pipeline::carry():194}:195}(Object(Illuminate\Http\Request))
#43 C:\laragon\www\ClientLoop\vendor\laravel\framework\src\Illuminate\Pipeline\Pipeline.php(219): Illuminate\Foundation\Http\Middleware\PreventRequestForgery-&gt;handle(Object(Illuminate\Http\Request), Object(Closure))
#44 C:\laragon\www\ClientLoop\vendor\laravel\framework\src\Illuminate\Session\Middleware\AuthenticateSession.php(70): Illuminate\Pipeline\Pipeline-&gt;{closure:{closure:Illuminate\Pipeline\Pipeline::carry():194}:195}(Object(Illuminate\Http\Request))
#45 C:\laragon\www\ClientLoop\vendor\laravel\framework\src\Illuminate\Pipeline\Pipeline.php(219): Illuminate\Session\Middleware\AuthenticateSession-&gt;handle(Object(Illuminate\Http\Request), Object(Closure))
#46 C:\laragon\www\ClientLoop\vendor\laravel\framework\src\Illuminate\Auth\Middleware\Authenticate.php(63): Illuminate\Pipeline\Pipeline-&gt;{closure:{closure:Illuminate\Pipeline\Pipeline::carry():194}:195}(Object(Illuminate\Http\Request))
#47 C:\laragon\www\ClientLoop\vendor\laravel\framework\src\Illuminate\Pipeline\Pipeline.php(219): Illuminate\Auth\Middleware\Authenticate-&gt;handle(Object(Illuminate\Http\Request), Object(Closure))
#48 C:\laragon\www\ClientLoop\vendor\laravel\framework\src\Illuminate\View\Middleware\ShareErrorsFromSession.php(48): Illuminate\Pipeline\Pipeline-&gt;{closure:{closure:Illuminate\Pipeline\Pipeline::carry():194}:195}(Object(Illuminate\Http\Request))
#49 C:\laragon\www\ClientLoop\vendor\laravel\framework\src\Illuminate\Pipeline\Pipeline.php(219): Illuminate\View\Middleware\ShareErrorsFromSession-&gt;handle(Object(Illuminate\Http\Request), Object(Closure))
#50 C:\laragon\www\ClientLoop\vendor\laravel\framework\src\Illuminate\Session\Middleware\StartSession.php(120): Illuminate\Pipeline\Pipeline-&gt;{closure:{closure:Illuminate\Pipeline\Pipeline::carry():194}:195}(Object(Illuminate\Http\Request))
#51 C:\laragon\www\ClientLoop\vendor\laravel\framework\src\Illuminate\Session\Middleware\StartSession.php(63): Illuminate\Session\Middleware\StartSession-&gt;handleStatefulRequest(Object(Illuminate\Http\Request), Object(Illuminate\Session\Store), Object(Closure))
#52 C:\laragon\www\ClientLoop\vendor\laravel\framework\src\Illuminate\Pipeline\Pipeline.php(219): Illuminate\Session\Middleware\StartSession-&gt;handle(Object(Illuminate\Http\Request), Object(Closure))
#53 C:\laragon\www\ClientLoop\vendor\laravel\framework\src\Illuminate\Cookie\Middleware\AddQueuedCookiesToResponse.php(36): Illuminate\Pipeline\Pipeline-&gt;{closure:{closure:Illuminate\Pipeline\Pipeline::carry():194}:195}(Object(Illuminate\Http\Request))
#54 C:\laragon\www\ClientLoop\vendor\laravel\framework\src\Illuminate\Pipeline\Pipeline.php(219): Illuminate\Cookie\Middleware\AddQueuedCookiesToResponse-&gt;handle(Object(Illuminate\Http\Request), Object(Closure))
#55 C:\laragon\www\ClientLoop\vendor\laravel\framework\src\Illuminate\Cookie\Middleware\EncryptCookies.php(74): Illuminate\Pipeline\Pipeline-&gt;{closure:{closure:Illuminate\Pipeline\Pipeline::carry():194}:195}(Object(Illuminate\Http\Request))
#56 C:\laragon\www\ClientLoop\vendor\laravel\framework\src\Illuminate\Pipeline\Pipeline.php(219): Illuminate\Cookie\Middleware\EncryptCookies-&gt;handle(Object(Illuminate\Http\Request), Object(Closure))
#57 C:\laragon\www\ClientLoop\vendor\filament\filament\src\Http\Middleware\SetUpPanel.php(19): Illuminate\Pipeline\Pipeline-&gt;{closure:{closure:Illuminate\Pipeline\Pipeline::carry():194}:195}(Object(Illuminate\Http\Request))
#58 C:\laragon\www\ClientLoop\vendor\laravel\framework\src\Illuminate\Pipeline\Pipeline.php(219): Filament\Http\Middleware\SetUpPanel-&gt;handle(Object(Illuminate\Http\Request), Object(Closure), Object(Filament\Panel))
#59 C:\laragon\www\ClientLoop\vendor\laravel\framework\src\Illuminate\Pipeline\Pipeline.php(137): Illuminate\Pipeline\Pipeline-&gt;{closure:{closure:Illuminate\Pipeline\Pipeline::carry():194}:195}(Object(Illuminate\Http\Request))
#60 C:\laragon\www\ClientLoop\vendor\laravel\framework\src\Illuminate\Routing\Router.php(821): Illuminate\Pipeline\Pipeline-&gt;then(Object(Closure))
#61 C:\laragon\www\ClientLoop\vendor\laravel\framework\src\Illuminate\Routing\Router.php(800): Illuminate\Routing\Router-&gt;runRouteWithinStack(Object(Illuminate\Routing\Route), Object(Illuminate\Http\Request))
#62 C:\laragon\www\ClientLoop\vendor\laravel\framework\src\Illuminate\Routing\Router.php(764): Illuminate\Routing\Router-&gt;runRoute(Object(Illuminate\Http\Request), Object(Illuminate\Routing\Route))
#63 C:\laragon\www\ClientLoop\vendor\laravel\framework\src\Illuminate\Routing\Router.php(753): Illuminate\Routing\Router-&gt;dispatchToRoute(Object(Illuminate\Http\Request))
#64 C:\laragon\www\ClientLoop\vendor\laravel\framework\src\Illuminate\Foundation\Http\Kernel.php(200): Illuminate\Routing\Router-&gt;dispatch(Object(Illuminate\Http\Request))
#65 C:\laragon\www\ClientLoop\vendor\laravel\framework\src\Illuminate\Pipeline\Pipeline.php(180): Illuminate\Foundation\Http\Kernel-&gt;{closure:Illuminate\Foundation\Http\Kernel::dispatchToRouter():197}(Object(Illuminate\Http\Request))
#66 C:\laragon\www\ClientLoop\vendor\livewire\livewire\src\Features\SupportDisablingBackButtonCache\DisableBackButtonCacheMiddleware.php(19): Illuminate\Pipeline\Pipeline-&gt;{closure:Illuminate\Pipeline\Pipeline::prepareDestination():178}(Object(Illuminate\Http\Request))
#67 C:\laragon\www\ClientLoop\vendor\laravel\framework\src\Illuminate\Pipeline\Pipeline.php(219): Livewire\Features\SupportDisablingBackButtonCache\DisableBackButtonCacheMiddleware-&gt;handle(Object(Illuminate\Http\Request), Object(Closure))
#68 C:\laragon\www\ClientLoop\vendor\laravel\mcp\src\Server\Middleware\AddWwwAuthenticateHeader.php(21): Illuminate\Pipeline\Pipeline-&gt;{closure:{closure:Illuminate\Pipeline\Pipeline::carry():194}:195}(Object(Illuminate\Http\Request))
#69 C:\laragon\www\ClientLoop\vendor\laravel\framework\src\Illuminate\Pipeline\Pipeline.php(219): Laravel\Mcp\Server\Middleware\AddWwwAuthenticateHeader-&gt;handle(Object(Illuminate\Http\Request), Object(Closure))
#70 C:\laragon\www\ClientLoop\vendor\laravel\framework\src\Illuminate\Foundation\Http\Middleware\TransformsRequest.php(21): Illuminate\Pipeline\Pipeline-&gt;{closure:{closure:Illuminate\Pipeline\Pipeline::carry():194}:195}(Object(Illuminate\Http\Request))
#71 C:\laragon\www\ClientLoop\vendor\laravel\framework\src\Illuminate\Foundation\Http\Middleware\ConvertEmptyStringsToNull.php(31): Illuminate\Foundation\Http\Middleware\TransformsRequest-&gt;handle(Object(Illuminate\Http\Request), Object(Closure))
#72 C:\laragon\www\ClientLoop\vendor\laravel\framework\src\Illuminate\Pipeline\Pipeline.php(219): Illuminate\Foundation\Http\Middleware\ConvertEmptyStringsToNull-&gt;handle(Object(Illuminate\Http\Request), Object(Closure))
#73 C:\laragon\www\ClientLoop\vendor\laravel\framework\src\Illuminate\Foundation\Http\Middleware\TransformsRequest.php(21): Illuminate\Pipeline\Pipeline-&gt;{closure:{closure:Illuminate\Pipeline\Pipeline::carry():194}:195}(Object(Illuminate\Http\Request))
#74 C:\laragon\www\ClientLoop\vendor\laravel\framework\src\Illuminate\Foundation\Http\Middleware\TrimStrings.php(51): Illuminate\Foundation\Http\Middleware\TransformsRequest-&gt;handle(Object(Illuminate\Http\Request), Object(Closure))
#75 C:\laragon\www\ClientLoop\vendor\laravel\framework\src\Illuminate\Pipeline\Pipeline.php(219): Illuminate\Foundation\Http\Middleware\TrimStrings-&gt;handle(Object(Illuminate\Http\Request), Object(Closure))
#76 C:\laragon\www\ClientLoop\vendor\laravel\framework\src\Illuminate\Http\Middleware\ValidatePostSize.php(27): Illuminate\Pipeline\Pipeline-&gt;{closure:{closure:Illuminate\Pipeline\Pipeline::carry():194}:195}(Object(Illuminate\Http\Request))
#77 C:\laragon\www\ClientLoop\vendor\laravel\framework\src\Illuminate\Pipeline\Pipeline.php(219): Illuminate\Http\Middleware\ValidatePostSize-&gt;handle(Object(Illuminate\Http\Request), Object(Closure))
#78 C:\laragon\www\ClientLoop\vendor\laravel\framework\src\Illuminate\Foundation\Http\Middleware\PreventRequestsDuringMaintenance.php(110): Illuminate\Pipeline\Pipeline-&gt;{closure:{closure:Illuminate\Pipeline\Pipeline::carry():194}:195}(Object(Illuminate\Http\Request))
#79 C:\laragon\www\ClientLoop\vendor\laravel\framework\src\Illuminate\Pipeline\Pipeline.php(219): Illuminate\Foundation\Http\Middleware\PreventRequestsDuringMaintenance-&gt;handle(Object(Illuminate\Http\Request), Object(Closure))
#80 C:\laragon\www\ClientLoop\vendor\laravel\framework\src\Illuminate\Http\Middleware\HandleCors.php(61): Illuminate\Pipeline\Pipeline-&gt;{closure:{closure:Illuminate\Pipeline\Pipeline::carry():194}:195}(Object(Illuminate\Http\Request))
#81 C:\laragon\www\ClientLoop\vendor\laravel\framework\src\Illuminate\Pipeline\Pipeline.php(219): Illuminate\Http\Middleware\HandleCors-&gt;handle(Object(Illuminate\Http\Request), Object(Closure))
#82 C:\laragon\www\ClientLoop\vendor\laravel\framework\src\Illuminate\Http\Middleware\TrustProxies.php(58): Illuminate\Pipeline\Pipeline-&gt;{closure:{closure:Illuminate\Pipeline\Pipeline::carry():194}:195}(Object(Illuminate\Http\Request))
#83 C:\laragon\www\ClientLoop\vendor\laravel\framework\src\Illuminate\Pipeline\Pipeline.php(219): Illuminate\Http\Middleware\TrustProxies-&gt;handle(Object(Illuminate\Http\Request), Object(Closure))
#84 C:\laragon\www\ClientLoop\vendor\laravel\framework\src\Illuminate\Foundation\Http\Middleware\InvokeDeferredCallbacks.php(22): Illuminate\Pipeline\Pipeline-&gt;{closure:{closure:Illuminate\Pipeline\Pipeline::carry():194}:195}(Object(Illuminate\Http\Request))
#85 C:\laragon\www\ClientLoop\vendor\laravel\framework\src\Illuminate\Pipeline\Pipeline.php(219): Illuminate\Foundation\Http\Middleware\InvokeDeferredCallbacks-&gt;handle(Object(Illuminate\Http\Request), Object(Closure))
#86 C:\laragon\www\ClientLoop\vendor\laravel\framework\src\Illuminate\Http\Middleware\ValidatePathEncoding.php(28): Illuminate\Pipeline\Pipeline-&gt;{closure:{closure:Illuminate\Pipeline\Pipeline::carry():194}:195}(Object(Illuminate\Http\Request))
#87 C:\laragon\www\ClientLoop\vendor\laravel\framework\src\Illuminate\Pipeline\Pipeline.php(219): Illuminate\Http\Middleware\ValidatePathEncoding-&gt;handle(Object(Illuminate\Http\Request), Object(Closure))
#88 C:\laragon\www\ClientLoop\vendor\laravel\framework\src\Illuminate\Pipeline\Pipeline.php(137): Illuminate\Pipeline\Pipeline-&gt;{closure:{closure:Illuminate\Pipeline\Pipeline::carry():194}:195}(Object(Illuminate\Http\Request))
#89 C:\laragon\www\ClientLoop\vendor\laravel\framework\src\Illuminate\Foundation\Http\Kernel.php(175): Illuminate\Pipeline\Pipeline-&gt;then(Object(Closure))
#90 C:\laragon\www\ClientLoop\vendor\laravel\framework\src\Illuminate\Foundation\Http\Kernel.php(144): Illuminate\Foundation\Http\Kernel-&gt;sendRequestThroughRouter(Object(Illuminate\Http\Request))
#91 C:\laragon\www\ClientLoop\vendor\laravel\framework\src\Illuminate\Foundation\Testing\Concerns\MakesHttpRequests.php(638): Illuminate\Foundation\Http\Kernel-&gt;handle(Object(Illuminate\Http\Request))
#92 C:\laragon\www\ClientLoop\vendor\laravel\framework\src\Illuminate\Foundation\Testing\Concerns\MakesHttpRequests.php(368): Illuminate\Foundation\Testing\TestCase-&gt;call('GET', '/admin/activity...', Array, Array, Array, Array)
#93 C:\laragon\www\ClientLoop\tests\Feature\ActivityLogUiTest.php(42): Illuminate\Foundation\Testing\TestCase-&gt;get('/admin/activity...')
#94 C:\laragon\www\ClientLoop\vendor\phpunit\phpunit\src\Framework\TestCase.php(1318): Tests\Feature\ActivityLogUiTest-&gt;test_activity_log_page_lists_company_events_only()
#95 C:\laragon\www\ClientLoop\vendor\phpunit\phpunit\src\Framework\TestCase.php(1355): PHPUnit\Framework\TestCase-&gt;invokeTestMethod('test_activity_l...', Array)
#96 C:\laragon\www\ClientLoop\vendor\phpunit\phpunit\src\Framework\TestCase.php(521): PHPUnit\Framework\TestCase-&gt;runTest()
#97 C:\laragon\www\ClientLoop\vendor\phpunit\phpunit\src\Framework\TestRunner\TestRunner.php(99): PHPUnit\Framework\TestCase-&gt;runBare()
#98 C:\laragon\www\ClientLoop\vendor\phpunit\phpunit\src\Framework\TestCase.php(361): PHPUnit\Framework\TestRunner-&gt;run(Object(Tests\Feature\ActivityLogUiTest))
#99 C:\laragon\www\ClientLoop\vendor\phpunit\phpunit\src\Framework\TestSuite.php(374): PHPUnit\Framework\TestCase-&gt;run()
#100 C:\laragon\www\ClientLoop\vendor\phpunit\phpunit\src\Framework\TestSuite.php(374): PHPUnit\Framework\TestSuite-&gt;run()
#101 C:\laragon\www\ClientLoop\vendor\phpunit\phpunit\src\TextUI\TestRunner.php(64): PHPUnit\Framework\TestSuite-&gt;run()
#102 C:\laragon\www\ClientLoop\vendor\phpunit\phpunit\src\TextUI\Application.php(229): PHPUnit\TextUI\TestRunner-&gt;run(Object(PHPUnit\TextUI\Configuration\Configuration), Object(PHPUnit\Runner\ResultCache\DefaultResultCache), Object(PHPUnit\Framework\TestSuite))
#103 C:\laragon\www\ClientLoop\vendor\phpunit\phpunit\phpunit(104): PHPUnit\TextUI\Application-&gt;run(Array)
#104 {main}

Next Illuminate\View\ViewException: App\Filament\Resources\ActivityLogs\ActivityLogResource::{closure:App\Filament\Resources\ActivityLogs\ActivityLogResource::table():61}(): Argument #1 ($state) must be of type ?array, string given, called in C:\laragon\www\ClientLoop\vendor\filament\support\src\Concerns\EvaluatesClosures.php on line 36 (View: C:\laragon\www\ClientLoop\vendor\filament\tables\resources\views\index.blade.php) (View: C:\laragon\www\ClientLoop\vendor\filament\tables\resources\views\index.blade.php) in C:\laragon\www\ClientLoop\app\Filament\Resources\ActivityLogs\ActivityLogResource.php:61
Stack trace:
#0 C:\laragon\www\ClientLoop\vendor\livewire\livewire\src\Mechanisms\ExtendBlade\ExtendedCompilerEngine.php(58): Illuminate\View\Engines\CompilerEngine-&gt;handleViewException(Object(Illuminate\View\ViewException), 1)
#1 C:\laragon\www\ClientLoop\vendor\livewire\livewire\src\Mechanisms\ExtendBlade\ExtendedCompilerEngine.php(40): Livewire\Mechanisms\ExtendBlade\ExtendedCompilerEngine-&gt;handleViewException(Object(Illuminate\View\ViewException), 1)
#2 C:\laragon\www\ClientLoop\vendor\laravel\framework\src\Illuminate\View\Engines\CompilerEngine.php(76): Livewire\Mechanisms\ExtendBlade\ExtendedCompilerEngine-&gt;evaluatePath('C:\\laragon\\www\\...', Array)
#3 C:\laragon\www\ClientLoop\vendor\livewire\livewire\src\Mechanisms\ExtendBlade\ExtendedCompilerEngine.php(16): Illuminate\View\Engines\CompilerEngine-&gt;get('C:\\laragon\\www\\...', Array)
#4 C:\laragon\www\ClientLoop\vendor\laravel\framework\src\Illuminate\View\View.php(208): Livewire\Mechanisms\ExtendBlade\ExtendedCompilerEngine-&gt;get('C:\\laragon\\www\\...', Array)
#5 C:\laragon\www\ClientLoop\vendor\laravel\framework\src\Illuminate\View\View.php(191): Illuminate\View\View-&gt;getContents()
#6 C:\laragon\www\ClientLoop\vendor\laravel\framework\src\Illuminate\View\View.php(160): Illuminate\View\View-&gt;renderContents()
#7 C:\laragon\www\ClientLoop\vendor\livewire\livewire\src\Mechanisms\HandleComponents\HandleComponents.php(333): Illuminate\View\View-&gt;render(Object(Closure))
#8 C:\laragon\www\ClientLoop\vendor\livewire\livewire\src\Mechanisms\HandleComponents\HandleComponents.php(384): Livewire\Mechanisms\HandleComponents\HandleComponents-&gt;{closure:Livewire\Mechanisms\HandleComponents\HandleComponents::render():325}()
#9 C:\laragon\www\ClientLoop\vendor\livewire\livewire\src\Mechanisms\HandleComponents\HandleComponents.php(325): Livewire\Mechanisms\HandleComponents\HandleComponents-&gt;trackInRenderStack(Object(App\Filament\Resources\ActivityLogs\Pages\ListActivityLogs), Object(Closure))
#10 C:\laragon\www\ClientLoop\vendor\livewire\livewire\src\Mechanisms\HandleComponents\HandleComponents.php(65): Livewire\Mechanisms\HandleComponents\HandleComponents-&gt;render(Object(App\Filament\Resources\ActivityLogs\Pages\ListActivityLogs), '&lt;div&gt;&lt;/div&gt;')
#11 C:\laragon\www\ClientLoop\vendor\livewire\livewire\src\LivewireManager.php(103): Livewire\Mechanisms\HandleComponents\HandleComponents-&gt;mount('App\\Filament\\Re...', Array, NULL, Array)
#12 C:\laragon\www\ClientLoop\vendor\livewire\livewire\src\Features\SupportPageComponents\HandlesPageComponents.php(19): Livewire\LivewireManager-&gt;mount('App\\Filament\\Re...', Array)
#13 C:\laragon\www\ClientLoop\vendor\livewire\livewire\src\Features\SupportPageComponents\SupportPageComponents.php(119): Livewire\Component-&gt;{closure:Livewire\Features\SupportPageComponents\HandlesPageComponents::__invoke():14}()
#14 C:\laragon\www\ClientLoop\vendor\livewire\livewire\src\Features\SupportPageComponents\HandlesPageComponents.php(14): Livewire\Features\SupportPageComponents\SupportPageComponents::interceptTheRenderOfTheComponentAndRetreiveTheLayoutConfiguration(Object(Closure))
#15 C:\laragon\www\ClientLoop\vendor\laravel\framework\src\Illuminate\Routing\ControllerDispatcher.php(46): Livewire\Component-&gt;__invoke()
#16 C:\laragon\www\ClientLoop\vendor\laravel\framework\src\Illuminate\Routing\Route.php(276): Illuminate\Routing\ControllerDispatcher-&gt;dispatch(Object(Illuminate\Routing\Route), Object(App\Filament\Resources\ActivityLogs\Pages\ListActivityLogs), '__invoke')
#17 C:\laragon\www\ClientLoop\vendor\laravel\framework\src\Illuminate\Routing\Route.php(216): Illuminate\Routing\Route-&gt;runController()
#18 C:\laragon\www\ClientLoop\vendor\laravel\framework\src\Illuminate\Routing\Router.php(822): Illuminate\Routing\Route-&gt;run()
#19 C:\laragon\www\ClientLoop\vendor\laravel\framework\src\Illuminate\Pipeline\Pipeline.php(180): Illuminate\Routing\Router-&gt;{closure:Illuminate\Routing\Router::runRouteWithinStack():821}(Object(Illuminate\Http\Request))
#20 C:\laragon\www\ClientLoop\vendor\filament\filament\src\Http\Middleware\DispatchServingFilamentEvent.php(15): Illuminate\Pipeline\Pipeline-&gt;{closure:Illuminate\Pipeline\Pipeline::prepareDestination():178}(Object(Illuminate\Http\Request))
#21 C:\laragon\www\ClientLoop\vendor\laravel\framework\src\Illuminate\Pipeline\Pipeline.php(219): Filament\Http\Middleware\DispatchServingFilamentEvent-&gt;handle(Object(Illuminate\Http\Request), Object(Closure))
#22 C:\laragon\www\ClientLoop\vendor\filament\filament\src\Http\Middleware\DisableBladeIconComponents.php(14): Illuminate\Pipeline\Pipeline-&gt;{closure:{closure:Illuminate\Pipeline\Pipeline::carry():194}:195}(Object(Illuminate\Http\Request))
#23 C:\laragon\www\ClientLoop\vendor\laravel\framework\src\Illuminate\Pipeline\Pipeline.php(219): Filament\Http\Middleware\DisableBladeIconComponents-&gt;handle(Object(Illuminate\Http\Request), Object(Closure))
#24 C:\laragon\www\ClientLoop\vendor\laravel\framework\src\Illuminate\Routing\Middleware\SubstituteBindings.php(52): Illuminate\Pipeline\Pipeline-&gt;{closure:{closure:Illuminate\Pipeline\Pipeline::carry():194}:195}(Object(Illuminate\Http\Request))
#25 C:\laragon\www\ClientLoop\vendor\laravel\framework\src\Illuminate\Pipeline\Pipeline.php(219): Illuminate\Routing\Middleware\SubstituteBindings-&gt;handle(Object(Illuminate\Http\Request), Object(Closure))
#26 C:\laragon\www\ClientLoop\vendor\laravel\framework\src\Illuminate\Foundation\Http\Middleware\PreventRequestForgery.php(104): Illuminate\Pipeline\Pipeline-&gt;{closure:{closure:Illuminate\Pipeline\Pipeline::carry():194}:195}(Object(Illuminate\Http\Request))
#27 C:\laragon\www\ClientLoop\vendor\laravel\framework\src\Illuminate\Pipeline\Pipeline.php(219): Illuminate\Foundation\Http\Middleware\PreventRequestForgery-&gt;handle(Object(Illuminate\Http\Request), Object(Closure))
#28 C:\laragon\www\ClientLoop\vendor\laravel\framework\src\Illuminate\Session\Middleware\AuthenticateSession.php(70): Illuminate\Pipeline\Pipeline-&gt;{closure:{closure:Illuminate\Pipeline\Pipeline::carry():194}:195}(Object(Illuminate\Http\Request))
#29 C:\laragon\www\ClientLoop\vendor\laravel\framework\src\Illuminate\Pipeline\Pipeline.php(219): Illuminate\Session\Middleware\AuthenticateSession-&gt;handle(Object(Illuminate\Http\Request), Object(Closure))
#30 C:\laragon\www\ClientLoop\vendor\laravel\framework\src\Illuminate\Auth\Middleware\Authenticate.php(63): Illuminate\Pipeline\Pipeline-&gt;{closure:{closure:Illuminate\Pipeline\Pipeline::carry():194}:195}(Object(Illuminate\Http\Request))
#31 C:\laragon\www\ClientLoop\vendor\laravel\framework\src\Illuminate\Pipeline\Pipeline.php(219): Illuminate\Auth\Middleware\Authenticate-&gt;handle(Object(Illuminate\Http\Request), Object(Closure))
#32 C:\laragon\www\ClientLoop\vendor\laravel\framework\src\Illuminate\View\Middleware\ShareErrorsFromSession.php(48): Illuminate\Pipeline\Pipeline-&gt;{closure:{closure:Illuminate\Pipeline\Pipeline::carry():194}:195}(Object(Illuminate\Http\Request))
#33 C:\laragon\www\ClientLoop\vendor\laravel\framework\src\Illuminate\Pipeline\Pipeline.php(219): Illuminate\View\Middleware\ShareErrorsFromSession-&gt;handle(Object(Illuminate\Http\Request), Object(Closure))
#34 C:\laragon\www\ClientLoop\vendor\laravel\framework\src\Illuminate\Session\Middleware\StartSession.php(120): Illuminate\Pipeline\Pipeline-&gt;{closure:{closure:Illuminate\Pipeline\Pipeline::carry():194}:195}(Object(Illuminate\Http\Request))
#35 C:\laragon\www\ClientLoop\vendor\laravel\framework\src\Illuminate\Session\Middleware\StartSession.php(63): Illuminate\Session\Middleware\StartSession-&gt;handleStatefulRequest(Object(Illuminate\Http\Request), Object(Illuminate\Session\Store), Object(Closure))
#36 C:\laragon\www\ClientLoop\vendor\laravel\framework\src\Illuminate\Pipeline\Pipeline.php(219): Illuminate\Session\Middleware\StartSession-&gt;handle(Object(Illuminate\Http\Request), Object(Closure))
#37 C:\laragon\www\ClientLoop\vendor\laravel\framework\src\Illuminate\Cookie\Middleware\AddQueuedCookiesToResponse.php(36): Illuminate\Pipeline\Pipeline-&gt;{closure:{closure:Illuminate\Pipeline\Pipeline::carry():194}:195}(Object(Illuminate\Http\Request))
#38 C:\laragon\www\ClientLoop\vendor\laravel\framework\src\Illuminate\Pipeline\Pipeline.php(219): Illuminate\Cookie\Middleware\AddQueuedCookiesToResponse-&gt;handle(Object(Illuminate\Http\Request), Object(Closure))
#39 C:\laragon\www\ClientLoop\vendor\laravel\framework\src\Illuminate\Cookie\Middleware\EncryptCookies.php(74): Illuminate\Pipeline\Pipeline-&gt;{closure:{closure:Illuminate\Pipeline\Pipeline::carry():194}:195}(Object(Illuminate\Http\Request))
#40 C:\laragon\www\ClientLoop\vendor\laravel\framework\src\Illuminate\Pipeline\Pipeline.php(219): Illuminate\Cookie\Middleware\EncryptCookies-&gt;handle(Object(Illuminate\Http\Request), Object(Closure))
#41 C:\laragon\www\ClientLoop\vendor\filament\filament\src\Http\Middleware\SetUpPanel.php(19): Illuminate\Pipeline\Pipeline-&gt;{closure:{closure:Illuminate\Pipeline\Pipeline::carry():194}:195}(Object(Illuminate\Http\Request))
#42 C:\laragon\www\ClientLoop\vendor\laravel\framework\src\Illuminate\Pipeline\Pipeline.php(219): Filament\Http\Middleware\SetUpPanel-&gt;handle(Object(Illuminate\Http\Request), Object(Closure), Object(Filament\Panel))
#43 C:\laragon\www\ClientLoop\vendor\laravel\framework\src\Illuminate\Pipeline\Pipeline.php(137): Illuminate\Pipeline\Pipeline-&gt;{closure:{closure:Illuminate\Pipeline\Pipeline::carry():194}:195}(Object(Illuminate\Http\Request))
#44 C:\laragon\www\ClientLoop\vendor\laravel\framework\src\Illuminate\Routing\Router.php(821): Illuminate\Pipeline\Pipeline-&gt;then(Object(Closure))
#45 C:\laragon\www\ClientLoop\vendor\laravel\framework\src\Illuminate\Routing\Router.php(800): Illuminate\Routing\Router-&gt;runRouteWithinStack(Object(Illuminate\Routing\Route), Object(Illuminate\Http\Request))
#46 C:\laragon\www\ClientLoop\vendor\laravel\framework\src\Illuminate\Routing\Router.php(764): Illuminate\Routing\Router-&gt;runRoute(Object(Illuminate\Http\Request), Object(Illuminate\Routing\Route))
#47 C:\laragon\www\ClientLoop\vendor\laravel\framework\src\Illuminate\Routing\Router.php(753): Illuminate\Routing\Router-&gt;dispatchToRoute(Object(Illuminate\Http\Request))
#48 C:\laragon\www\ClientLoop\vendor\laravel\framework\src\Illuminate\Foundation\Http\Kernel.php(200): Illuminate\Routing\Router-&gt;dispatch(Object(Illuminate\Http\Request))
#49 C:\laragon\www\ClientLoop\vendor\laravel\framework\src\Illuminate\Pipeline\Pipeline.php(180): Illuminate\Foundation\Http\Kernel-&gt;{closure:Illuminate\Foundation\Http\Kernel::dispatchToRouter():197}(Object(Illuminate\Http\Request))
#50 C:\laragon\www\ClientLoop\vendor\livewire\livewire\src\Features\SupportDisablingBackButtonCache\DisableBackButtonCacheMiddleware.php(19): Illuminate\Pipeline\Pipeline-&gt;{closure:Illuminate\Pipeline\Pipeline::prepareDestination():178}(Object(Illuminate\Http\Request))
#51 C:\laragon\www\ClientLoop\vendor\laravel\framework\src\Illuminate\Pipeline\Pipeline.php(219): Livewire\Features\SupportDisablingBackButtonCache\DisableBackButtonCacheMiddleware-&gt;handle(Object(Illuminate\Http\Request), Object(Closure))
#52 C:\laragon\www\ClientLoop\vendor\laravel\mcp\src\Server\Middleware\AddWwwAuthenticateHeader.php(21): Illuminate\Pipeline\Pipeline-&gt;{closure:{closure:Illuminate\Pipeline\Pipeline::carry():194}:195}(Object(Illuminate\Http\Request))
#53 C:\laragon\www\ClientLoop\vendor\laravel\framework\src\Illuminate\Pipeline\Pipeline.php(219): Laravel\Mcp\Server\Middleware\AddWwwAuthenticateHeader-&gt;handle(Object(Illuminate\Http\Request), Object(Closure))
#54 C:\laragon\www\ClientLoop\vendor\laravel\framework\src\Illuminate\Foundation\Http\Middleware\TransformsRequest.php(21): Illuminate\Pipeline\Pipeline-&gt;{closure:{closure:Illuminate\Pipeline\Pipeline::carry():194}:195}(Object(Illuminate\Http\Request))
#55 C:\laragon\www\ClientLoop\vendor\laravel\framework\src\Illuminate\Foundation\Http\Middleware\ConvertEmptyStringsToNull.php(31): Illuminate\Foundation\Http\Middleware\TransformsRequest-&gt;handle(Object(Illuminate\Http\Request), Object(Closure))
#56 C:\laragon\www\ClientLoop\vendor\laravel\framework\src\Illuminate\Pipeline\Pipeline.php(219): Illuminate\Foundation\Http\Middleware\ConvertEmptyStringsToNull-&gt;handle(Object(Illuminate\Http\Request), Object(Closure))
#57 C:\laragon\www\ClientLoop\vendor\laravel\framework\src\Illuminate\Foundation\Http\Middleware\TransformsRequest.php(21): Illuminate\Pipeline\Pipeline-&gt;{closure:{closure:Illuminate\Pipeline\Pipeline::carry():194}:195}(Object(Illuminate\Http\Request))
#58 C:\laragon\www\ClientLoop\vendor\laravel\framework\src\Illuminate\Foundation\Http\Middleware\TrimStrings.php(51): Illuminate\Foundation\Http\Middleware\TransformsRequest-&gt;handle(Object(Illuminate\Http\Request), Object(Closure))
#59 C:\laragon\www\ClientLoop\vendor\laravel\framework\src\Illuminate\Pipeline\Pipeline.php(219): Illuminate\Foundation\Http\Middleware\TrimStrings-&gt;handle(Object(Illuminate\Http\Request), Object(Closure))
#60 C:\laragon\www\ClientLoop\vendor\laravel\framework\src\Illuminate\Http\Middleware\ValidatePostSize.php(27): Illuminate\Pipeline\Pipeline-&gt;{closure:{closure:Illuminate\Pipeline\Pipeline::carry():194}:195}(Object(Illuminate\Http\Request))
#61 C:\laragon\www\ClientLoop\vendor\laravel\framework\src\Illuminate\Pipeline\Pipeline.php(219): Illuminate\Http\Middleware\ValidatePostSize-&gt;handle(Object(Illuminate\Http\Request), Object(Closure))
#62 C:\laragon\www\ClientLoop\vendor\laravel\framework\src\Illuminate\Foundation\Http\Middleware\PreventRequestsDuringMaintenance.php(110): Illuminate\Pipeline\Pipeline-&gt;{closure:{closure:Illuminate\Pipeline\Pipeline::carry():194}:195}(Object(Illuminate\Http\Request))
#63 C:\laragon\www\ClientLoop\vendor\laravel\framework\src\Illuminate\Pipeline\Pipeline.php(219): Illuminate\Foundation\Http\Middleware\PreventRequestsDuringMaintenance-&gt;handle(Object(Illuminate\Http\Request), Object(Closure))
#64 C:\laragon\www\ClientLoop\vendor\laravel\framework\src\Illuminate\Http\Middleware\HandleCors.php(61): Illuminate\Pipeline\Pipeline-&gt;{closure:{closure:Illuminate\Pipeline\Pipeline::carry():194}:195}(Object(Illuminate\Http\Request))
#65 C:\laragon\www\ClientLoop\vendor\laravel\framework\src\Illuminate\Pipeline\Pipeline.php(219): Illuminate\Http\Middleware\HandleCors-&gt;handle(Object(Illuminate\Http\Request), Object(Closure))
#66 C:\laragon\www\ClientLoop\vendor\laravel\framework\src\Illuminate\Http\Middleware\TrustProxies.php(58): Illuminate\Pipeline\Pipeline-&gt;{closure:{closure:Illuminate\Pipeline\Pipeline::carry():194}:195}(Object(Illuminate\Http\Request))
#67 C:\laragon\www\ClientLoop\vendor\laravel\framework\src\Illuminate\Pipeline\Pipeline.php(219): Illuminate\Http\Middleware\TrustProxies-&gt;handle(Object(Illuminate\Http\Request), Object(Closure))
#68 C:\laragon\www\ClientLoop\vendor\laravel\framework\src\Illuminate\Foundation\Http\Middleware\InvokeDeferredCallbacks.php(22): Illuminate\Pipeline\Pipeline-&gt;{closure:{closure:Illuminate\Pipeline\Pipeline::carry():194}:195}(Object(Illuminate\Http\Request))
#69 C:\laragon\www\ClientLoop\vendor\laravel\framework\src\Illuminate\Pipeline\Pipeline.php(219): Illuminate\Foundation\Http\Middleware\InvokeDeferredCallbacks-&gt;handle(Object(Illuminate\Http\Request), Object(Closure))
#70 C:\laragon\www\ClientLoop\vendor\laravel\framework\src\Illuminate\Http\Middleware\ValidatePathEncoding.php(28): Illuminate\Pipeline\Pipeline-&gt;{closure:{closure:Illuminate\Pipeline\Pipeline::carry():194}:195}(Object(Illuminate\Http\Request))
#71 C:\laragon\www\ClientLoop\vendor\laravel\framework\src\Illuminate\Pipeline\Pipeline.php(219): Illuminate\Http\Middleware\ValidatePathEncoding-&gt;handle(Object(Illuminate\Http\Request), Object(Closure))
#72 C:\laragon\www\ClientLoop\vendor\laravel\framework\src\Illuminate\Pipeline\Pipeline.php(137): Illuminate\Pipeline\Pipeline-&gt;{closure:{closure:Illuminate\Pipeline\Pipeline::carry():194}:195}(Object(Illuminate\Http\Request))
#73 C:\laragon\www\ClientLoop\vendor\laravel\framework\src\Illuminate\Foundation\Http\Kernel.php(175): Illuminate\Pipeline\Pipeline-&gt;then(Object(Closure))
#74 C:\laragon\www\ClientLoop\vendor\laravel\framework\src\Illuminate\Foundation\Http\Kernel.php(144): Illuminate\Foundation\Http\Kernel-&gt;sendRequestThroughRouter(Object(Illuminate\Http\Request))
#75 C:\laragon\www\ClientLoop\vendor\laravel\framework\src\Illuminate\Foundation\Testing\Concerns\MakesHttpRequests.php(638): Illuminate\Foundation\Http\Kernel-&gt;handle(Object(Illuminate\Http\Request))
#76 C:\laragon\www\ClientLoop\vendor\laravel\framework\src\Illuminate\Foundation\Testing\Concerns\MakesHttpRequests.php(368): Illuminate\Foundation\Testing\TestCase-&gt;call('GET', '/admin/activity...', Array, Array, Array, Array)
#77 C:\laragon\www\ClientLoop\tests\Feature\ActivityLogUiTest.php(42): Illuminate\Foundation\Testing\TestCase-&gt;get('/admin/activity...')
#78 C:\laragon\www\ClientLoop\vendor\phpunit\phpunit\src\Framework\TestCase.php(1318): Tests\Feature\ActivityLogUiTest-&gt;test_activity_log_page_lists_company_events_only()
#79 C:\laragon\www\ClientLoop\vendor\phpunit\phpunit\src\Framework\TestCase.php(1355): PHPUnit\Framework\TestCase-&gt;invokeTestMethod('test_activity_l...', Array)
#80 C:\laragon\www\ClientLoop\vendor\phpunit\phpunit\src\Framework\TestCase.php(521): PHPUnit\Framework\TestCase-&gt;runTest()
#81 C:\laragon\www\ClientLoop\vendor\phpunit\phpunit\src\Framework\TestRunner\TestRunner.php(99): PHPUnit\Framework\TestCase-&gt;runBare()
#82 C:\laragon\www\ClientLoop\vendor\phpunit\phpunit\src\Framework\TestCase.php(361): PHPUnit\Framework\TestRunner-&gt;run(Object(Tests\Feature\ActivityLogUiTest))
#83 C:\laragon\www\ClientLoop\vendor\phpunit\phpunit\src\Framework\TestSuite.php(374): PHPUnit\Framework\TestCase-&gt;run()
#84 C:\laragon\www\ClientLoop\vendor\phpunit\phpunit\src\Framework\TestSuite.php(374): PHPUnit\Framework\TestSuite-&gt;run()
#85 C:\laragon\www\ClientLoop\vendor\phpunit\phpunit\src\TextUI\TestRunner.php(64): PHPUnit\Framework\TestSuite-&gt;run()
#86 C:\laragon\www\ClientLoop\vendor\phpunit\phpunit\src\TextUI\Application.php(229): PHPUnit\TextUI\TestRunner-&gt;run(Object(PHPUnit\TextUI\Configuration\Configuration), Object(PHPUnit\Runner\ResultCache\DefaultResultCache), Object(PHPUnit\Framework\TestSuite))
#87 C:\laragon\www\ClientLoop\vendor\phpunit\phpunit\phpunit(104): PHPUnit\TextUI\Application-&gt;run(Array)
#88 {main}

----------------------------------------------------------------------------------

App\Filament\Resources\ActivityLogs\ActivityLogResource::{closure:App\Filament\Resources\ActivityLogs\ActivityLogResource::table():61}(): Argument #1 ($state) must be of type ?array, string given, called in C:\laragon\www\ClientLoop\vendor\filament\support\src\Concerns\EvaluatesClosures.php on line 36 (View: C:\laragon\www\ClientLoop\vendor\filament\tables\resources\views\index.blade.php) (View: C:\laragon\www\ClientLoop\vendor\filament\tables\resources\views\index.blade.php)
&#13;
C:\laragon\www\ClientLoop\vendor\laravel\framework\src\Illuminate\Testing\TestResponseAssert.php:46
C:\laragon\www\ClientLoop\vendor\laravel\framework\src\Illuminate\Testing\TestResponse.php:183
C:\laragon\www\ClientLoop\vendor\laravel\framework\src\Illuminate\Testing\Concerns\AssertsStatusCodes.php:16
C:\laragon\www\ClientLoop\tests\Feature\ActivityLogUiTest.php:43</failure>
      </testcase>
      <testcase name="test_completing_opt_out_creates_activity_log_visible_on_page" file="C:\laragon\www\ClientLoop\tests\Feature\ActivityLogUiTest.php" line="49" class="Tests\Feature\ActivityLogUiTest" classname="Tests.Feature.ActivityLogUiTest" assertions="1" time="3.505689">
        <failure type="PHPUnit\Framework\ExpectationFailedException">Tests\Feature\ActivityLogUiTest::test_completing_opt_out_creates_activity_log_visible_on_page&#13;
Expected response status code [200] but received 500.
Failed asserting that 500 is identical to 200.&#13;
&#13;
The following exception occurred during the last request:

TypeError: App\Filament\Resources\ActivityLogs\ActivityLogResource::{closure:App\Filament\Resources\ActivityLogs\ActivityLogResource::table():61}(): Argument #1 ($state) must be of type ?array, string given, called in C:\laragon\www\ClientLoop\vendor\filament\support\src\Concerns\EvaluatesClosures.php on line 36 and defined in C:\laragon\www\ClientLoop\app\Filament\Resources\ActivityLogs\ActivityLogResource.php:61
Stack trace:
#0 C:\laragon\www\ClientLoop\vendor\filament\support\src\Concerns\EvaluatesClosures.php(36): App\Filament\Resources\ActivityLogs\ActivityLogResource::{closure:App\Filament\Resources\ActivityLogs\ActivityLogResource::table():61}('N\xC3\xA3o ligar mais')
#1 C:\laragon\www\ClientLoop\vendor\filament\tables\src\Columns\Concerns\CanFormatState.php(388): Filament\Support\Components\Component-&gt;evaluate(Object(Closure), Array)
#2 C:\laragon\www\ClientLoop\vendor\filament\tables\src\Columns\TextColumn.php(488): Filament\Tables\Columns\TextColumn-&gt;formatState('N\xC3\xA3o ligar mais')
#3 C:\laragon\www\ClientLoop\vendor\filament\support\src\Components\ViewComponent.php(144): Filament\Tables\Columns\TextColumn-&gt;toEmbeddedHtml()
#4 C:\laragon\www\ClientLoop\vendor\laravel\framework\src\Illuminate\Support\helpers.php(131): Filament\Support\Components\ViewComponent-&gt;toHtml()
#5 C:\laragon\www\ClientLoop\storage\framework\views\acf0010ff61f7b9b412181864171851b.php(3006): e(Object(Filament\Tables\Columns\TextColumn))
#6 C:\laragon\www\ClientLoop\vendor\livewire\livewire\src\Mechanisms\ExtendBlade\ExtendedCompilerEngine.php(37): include('C:\\laragon\\www\\...')
#7 C:\laragon\www\ClientLoop\vendor\livewire\livewire\src\Mechanisms\ExtendBlade\ExtendedCompilerEngine.php(38): App\Filament\Resources\ActivityLogs\Pages\ListActivityLogs-&gt;{closure:Livewire\Mechanisms\ExtendBlade\ExtendedCompilerEngine::evaluatePath():35}()
#8 C:\laragon\www\ClientLoop\vendor\laravel\framework\src\Illuminate\View\Engines\CompilerEngine.php(76): Livewire\Mechanisms\ExtendBlade\ExtendedCompilerEngine-&gt;evaluatePath('C:\\laragon\\www\\...', Array)
#9 C:\laragon\www\ClientLoop\vendor\livewire\livewire\src\Mechanisms\ExtendBlade\ExtendedCompilerEngine.php(16): Illuminate\View\Engines\CompilerEngine-&gt;get('C:\\laragon\\www\\...', Array)
#10 C:\laragon\www\ClientLoop\vendor\laravel\framework\src\Illuminate\View\View.php(208): Livewire\Mechanisms\ExtendBlade\ExtendedCompilerEngine-&gt;get('C:\\laragon\\www\\...', Array)
#11 C:\laragon\www\ClientLoop\vendor\laravel\framework\src\Illuminate\View\View.php(191): Illuminate\View\View-&gt;getContents()
#12 C:\laragon\www\ClientLoop\vendor\laravel\framework\src\Illuminate\View\View.php(160): Illuminate\View\View-&gt;renderContents()
#13 C:\laragon\www\ClientLoop\vendor\filament\support\src\Components\ViewComponent.php(133): Illuminate\View\View-&gt;render()
#14 C:\laragon\www\ClientLoop\vendor\filament\schemas\src\Components\Component.php(239): Filament\Support\Components\ViewComponent-&gt;toHtml()
#15 C:\laragon\www\ClientLoop\vendor\filament\schemas\src\Schema.php(234): Filament\Schemas\Components\Component-&gt;toSchemaHtml(true)
#16 C:\laragon\www\ClientLoop\vendor\filament\schemas\src\Schema.php(166): Filament\Schemas\Schema-&gt;renderEmbeddedHtml()
#17 C:\laragon\www\ClientLoop\vendor\filament\schemas\src\Components\Concerns\CanBeHidden.php(270): Filament\Schemas\Schema-&gt;{closure:Filament\Schemas\Schema::toEmbeddedHtml():166}()
#18 C:\laragon\www\ClientLoop\vendor\filament\schemas\src\Schema.php(166): Filament\Schemas\Components\Component::withVisibilityCache(Object(Closure))
#19 C:\laragon\www\ClientLoop\vendor\filament\support\src\Components\ViewComponent.php(144): Filament\Schemas\Schema-&gt;toEmbeddedHtml()
#20 C:\laragon\www\ClientLoop\vendor\laravel\framework\src\Illuminate\Support\helpers.php(131): Filament\Support\Components\ViewComponent-&gt;toHtml()
#21 C:\laragon\www\ClientLoop\storage\framework\views\274243972d9fdfed564152cfed2e0a0d.php(13): e(Object(Filament\Schemas\Schema))
#22 C:\laragon\www\ClientLoop\vendor\livewire\livewire\src\Mechanisms\ExtendBlade\ExtendedCompilerEngine.php(37): include('C:\\laragon\\www\\...')
#23 C:\laragon\www\ClientLoop\vendor\livewire\livewire\src\Mechanisms\ExtendBlade\ExtendedCompilerEngine.php(38): App\Filament\Resources\ActivityLogs\Pages\ListActivityLogs-&gt;{closure:Livewire\Mechanisms\ExtendBlade\ExtendedCompilerEngine::evaluatePath():35}()
#24 C:\laragon\www\ClientLoop\vendor\laravel\framework\src\Illuminate\View\Engines\CompilerEngine.php(76): Livewire\Mechanisms\ExtendBlade\ExtendedCompilerEngine-&gt;evaluatePath('C:\\laragon\\www\\...', Array)
#25 C:\laragon\www\ClientLoop\vendor\livewire\livewire\src\Mechanisms\ExtendBlade\ExtendedCompilerEngine.php(16): Illuminate\View\Engines\CompilerEngine-&gt;get('C:\\laragon\\www\\...', Array)
#26 C:\laragon\www\ClientLoop\vendor\laravel\framework\src\Illuminate\View\View.php(208): Livewire\Mechanisms\ExtendBlade\ExtendedCompilerEngine-&gt;get('C:\\laragon\\www\\...', Array)
#27 C:\laragon\www\ClientLoop\vendor\laravel\framework\src\Illuminate\View\View.php(191): Illuminate\View\View-&gt;getContents()
#28 C:\laragon\www\ClientLoop\vendor\laravel\framework\src\Illuminate\View\View.php(160): Illuminate\View\View-&gt;renderContents()
#29 C:\laragon\www\ClientLoop\vendor\livewire\livewire\src\Mechanisms\HandleComponents\HandleComponents.php(333): Illuminate\View\View-&gt;render(Object(Closure))
#30 C:\laragon\www\ClientLoop\vendor\livewire\livewire\src\Mechanisms\HandleComponents\HandleComponents.php(384): Livewire\Mechanisms\HandleComponents\HandleComponents-&gt;{closure:Livewire\Mechanisms\HandleComponents\HandleComponents::render():325}()
#31 C:\laragon\www\ClientLoop\vendor\livewire\livewire\src\Mechanisms\HandleComponents\HandleComponents.php(325): Livewire\Mechanisms\HandleComponents\HandleComponents-&gt;trackInRenderStack(Object(App\Filament\Resources\ActivityLogs\Pages\ListActivityLogs), Object(Closure))
#32 C:\laragon\www\ClientLoop\vendor\livewire\livewire\src\Mechanisms\HandleComponents\HandleComponents.php(65): Livewire\Mechanisms\HandleComponents\HandleComponents-&gt;render(Object(App\Filament\Resources\ActivityLogs\Pages\ListActivityLogs), '&lt;div&gt;&lt;/div&gt;')
#33 C:\laragon\www\ClientLoop\vendor\livewire\livewire\src\LivewireManager.php(103): Livewire\Mechanisms\HandleComponents\HandleComponents-&gt;mount('App\\Filament\\Re...', Array, NULL, Array)
#34 C:\laragon\www\ClientLoop\vendor\livewire\livewire\src\Features\SupportPageComponents\HandlesPageComponents.php(19): Livewire\LivewireManager-&gt;mount('App\\Filament\\Re...', Array)
#35 C:\laragon\www\ClientLoop\vendor\livewire\livewire\src\Features\SupportPageComponents\SupportPageComponents.php(119): Livewire\Component-&gt;{closure:Livewire\Features\SupportPageComponents\HandlesPageComponents::__invoke():14}()
#36 C:\laragon\www\ClientLoop\vendor\livewire\livewire\src\Features\SupportPageComponents\HandlesPageComponents.php(14): Livewire\Features\SupportPageComponents\SupportPageComponents::interceptTheRenderOfTheComponentAndRetreiveTheLayoutConfiguration(Object(Closure))
#37 C:\laragon\www\ClientLoop\vendor\laravel\framework\src\Illuminate\Routing\ControllerDispatcher.php(46): Livewire\Component-&gt;__invoke()
#38 C:\laragon\www\ClientLoop\vendor\laravel\framework\src\Illuminate\Routing\Route.php(276): Illuminate\Routing\ControllerDispatcher-&gt;dispatch(Object(Illuminate\Routing\Route), Object(App\Filament\Resources\ActivityLogs\Pages\ListActivityLogs), '__invoke')
#39 C:\laragon\www\ClientLoop\vendor\laravel\framework\src\Illuminate\Routing\Route.php(216): Illuminate\Routing\Route-&gt;runController()
#40 C:\laragon\www\ClientLoop\vendor\laravel\framework\src\Illuminate\Routing\Router.php(822): Illuminate\Routing\Route-&gt;run()
#41 C:\laragon\www\ClientLoop\vendor\laravel\framework\src\Illuminate\Pipeline\Pipeline.php(180): Illuminate\Routing\Router-&gt;{closure:Illuminate\Routing\Router::runRouteWithinStack():821}(Object(Illuminate\Http\Request))
#42 C:\laragon\www\ClientLoop\vendor\filament\filament\src\Http\Middleware\DispatchServingFilamentEvent.php(15): Illuminate\Pipeline\Pipeline-&gt;{closure:Illuminate\Pipeline\Pipeline::prepareDestination():178}(Object(Illuminate\Http\Request))
#43 C:\laragon\www\ClientLoop\vendor\laravel\framework\src\Illuminate\Pipeline\Pipeline.php(219): Filament\Http\Middleware\DispatchServingFilamentEvent-&gt;handle(Object(Illuminate\Http\Request), Object(Closure))
#44 C:\laragon\www\ClientLoop\vendor\filament\filament\src\Http\Middleware\DisableBladeIconComponents.php(14): Illuminate\Pipeline\Pipeline-&gt;{closure:{closure:Illuminate\Pipeline\Pipeline::carry():194}:195}(Object(Illuminate\Http\Request))
#45 C:\laragon\www\ClientLoop\vendor\laravel\framework\src\Illuminate\Pipeline\Pipeline.php(219): Filament\Http\Middleware\DisableBladeIconComponents-&gt;handle(Object(Illuminate\Http\Request), Object(Closure))
#46 C:\laragon\www\ClientLoop\vendor\laravel\framework\src\Illuminate\Routing\Middleware\SubstituteBindings.php(52): Illuminate\Pipeline\Pipeline-&gt;{closure:{closure:Illuminate\Pipeline\Pipeline::carry():194}:195}(Object(Illuminate\Http\Request))
#47 C:\laragon\www\ClientLoop\vendor\laravel\framework\src\Illuminate\Pipeline\Pipeline.php(219): Illuminate\Routing\Middleware\SubstituteBindings-&gt;handle(Object(Illuminate\Http\Request), Object(Closure))
#48 C:\laragon\www\ClientLoop\vendor\laravel\framework\src\Illuminate\Foundation\Http\Middleware\PreventRequestForgery.php(104): Illuminate\Pipeline\Pipeline-&gt;{closure:{closure:Illuminate\Pipeline\Pipeline::carry():194}:195}(Object(Illuminate\Http\Request))
#49 C:\laragon\www\ClientLoop\vendor\laravel\framework\src\Illuminate\Pipeline\Pipeline.php(219): Illuminate\Foundation\Http\Middleware\PreventRequestForgery-&gt;handle(Object(Illuminate\Http\Request), Object(Closure))
#50 C:\laragon\www\ClientLoop\vendor\laravel\framework\src\Illuminate\Session\Middleware\AuthenticateSession.php(70): Illuminate\Pipeline\Pipeline-&gt;{closure:{closure:Illuminate\Pipeline\Pipeline::carry():194}:195}(Object(Illuminate\Http\Request))
#51 C:\laragon\www\ClientLoop\vendor\laravel\framework\src\Illuminate\Pipeline\Pipeline.php(219): Illuminate\Session\Middleware\AuthenticateSession-&gt;handle(Object(Illuminate\Http\Request), Object(Closure))
#52 C:\laragon\www\ClientLoop\vendor\laravel\framework\src\Illuminate\Auth\Middleware\Authenticate.php(63): Illuminate\Pipeline\Pipeline-&gt;{closure:{closure:Illuminate\Pipeline\Pipeline::carry():194}:195}(Object(Illuminate\Http\Request))
#53 C:\laragon\www\ClientLoop\vendor\laravel\framework\src\Illuminate\Pipeline\Pipeline.php(219): Illuminate\Auth\Middleware\Authenticate-&gt;handle(Object(Illuminate\Http\Request), Object(Closure))
#54 C:\laragon\www\ClientLoop\vendor\laravel\framework\src\Illuminate\View\Middleware\ShareErrorsFromSession.php(48): Illuminate\Pipeline\Pipeline-&gt;{closure:{closure:Illuminate\Pipeline\Pipeline::carry():194}:195}(Object(Illuminate\Http\Request))
[...]
#1 C:\laragon\www\ClientLoop\vendor\livewire\livewire\src\Mechanisms\ExtendBlade\ExtendedCompilerEngine.php(40): Livewire\Mechanisms\ExtendBlade\ExtendedCompilerEngine-&gt;handleViewException(Object(Illuminate\View\ViewException), 1)
#2 C:\laragon\www\ClientLoop\vendor\laravel\framework\src\Illuminate\View\Engines\CompilerEngine.php(76): Livewire\Mechanisms\ExtendBlade\ExtendedCompilerEngine-&gt;evaluatePath('C:\\laragon\\www\\...', Array)
#3 C:\laragon\www\ClientLoop\vendor\livewire\livewire\src\Mechanisms\ExtendBlade\ExtendedCompilerEngine.php(16): Illuminate\View\Engines\CompilerEngine-&gt;get('C:\\laragon\\www\\...', Array)
#4 C:\laragon\www\ClientLoop\vendor\laravel\framework\src\Illuminate\View\View.php(208): Livewire\Mechanisms\ExtendBlade\ExtendedCompilerEngine-&gt;get('C:\\laragon\\www\\...', Array)
#5 C:\laragon\www\ClientLoop\vendor\laravel\framework\src\Illuminate\View\View.php(191): Illuminate\View\View-&gt;getContents()
#6 C:\laragon\www\ClientLoop\vendor\laravel\framework\src\Illuminate\View\View.php(160): Illuminate\View\View-&gt;renderContents()
#7 C:\laragon\www\ClientLoop\vendor\livewire\livewire\src\Mechanisms\HandleComponents\HandleComponents.php(333): Illuminate\View\View-&gt;render(Object(Closure))
#8 C:\laragon\www\ClientLoop\vendor\livewire\livewire\src\Mechanisms\HandleComponents\HandleComponents.php(384): Livewire\Mechanisms\HandleComponents\HandleComponents-&gt;{closure:Livewire\Mechanisms\HandleComponents\HandleComponents::render():325}()
#9 C:\laragon\www\ClientLoop\vendor\livewire\livewire\src\Mechanisms\HandleComponents\HandleComponents.php(325): Livewire\Mechanisms\HandleComponents\HandleComponents-&gt;trackInRenderStack(Object(App\Filament\Resources\ActivityLogs\Pages\ListActivityLogs), Object(Closure))
#10 C:\laragon\www\ClientLoop\vendor\livewire\livewire\src\Mechanisms\HandleComponents\HandleComponents.php(65): Livewire\Mechanisms\HandleComponents\HandleComponents-&gt;render(Object(App\Filament\Resources\ActivityLogs\Pages\ListActivityLogs), '&lt;div&gt;&lt;/div&gt;')
#11 C:\laragon\www\ClientLoop\vendor\livewire\livewire\src\LivewireManager.php(103): Livewire\Mechanisms\HandleComponents\HandleComponents-&gt;mount('App\\Filament\\Re...', Array, NULL, Array)
#12 C:\laragon\www\ClientLoop\vendor\livewire\livewire\src\Features\SupportPageComponents\HandlesPageComponents.php(19): Livewire\LivewireManager-&gt;mount('App\\Filament\\Re...', Array)
#13 C:\laragon\www\ClientLoop\vendor\livewire\livewire\src\Features\SupportPageComponents\SupportPageComponents.php(119): Livewire\Component-&gt;{closure:Livewire\Features\SupportPageComponents\HandlesPageComponents::__invoke():14}()
#14 C:\laragon\www\ClientLoop\vendor\livewire\livewire\src\Features\SupportPageComponents\HandlesPageComponents.php(14): Livewire\Features\SupportPageComponents\SupportPageComponents::interceptTheRenderOfTheComponentAndRetreiveTheLayoutConfiguration(Object(Closure))
#15 C:\laragon\www\ClientLoop\vendor\laravel\framework\src\Illuminate\Routing\ControllerDispatcher.php(46): Livewire\Component-&gt;__invoke()
#16 C:\laragon\www\ClientLoop\vendor\laravel\framework\src\Illuminate\Routing\Route.php(276): Illuminate\Routing\ControllerDispatcher-&gt;dispatch(Object(Illuminate\Routing\Route), Object(App\Filament\Resources\ActivityLogs\Pages\ListActivityLogs), '__invoke')
#17 C:\laragon\www\ClientLoop\vendor\laravel\framework\src\Illuminate\Routing\Route.php(216): Illuminate\Routing\Route-&gt;runController()
#18 C:\laragon\www\ClientLoop\vendor\laravel\framework\src\Illuminate\Routing\Router.php(822): Illuminate\Routing\Route-&gt;run()
#19 C:\laragon\www\ClientLoop\vendor\laravel\framework\src\Illuminate\Pipeline\Pipeline.php(180): Illuminate\Routing\Router-&gt;{closure:Illuminate\Routing\Router::runRouteWithinStack():821}(Object(Illuminate\Http\Request))
#20 C:\laragon\www\ClientLoop\vendor\filament\filament\src\Http\Middleware\DispatchServingFilamentEvent.php(15): Illuminate\Pipeline\Pipeline-&gt;{closure:Illuminate\Pipeline\Pipeline::prepareDestination():178}(Object(Illuminate\Http\Request))
#21 C:\laragon\www\ClientLoop\vendor\laravel\framework\src\Illuminate\Pipeline\Pipeline.php(219): Filament\Http\Middleware\DispatchServingFilamentEvent-&gt;handle(Object(Illuminate\Http\Request), Object(Closure))
#22 C:\laragon\www\ClientLoop\vendor\filament\filament\src\Http\Middleware\DisableBladeIconComponents.php(14): Illuminate\Pipeline\Pipeline-&gt;{closure:{closure:Illuminate\Pipeline\Pipeline::carry():194}:195}(Object(Illuminate\Http\Request))
#23 C:\laragon\www\ClientLoop\vendor\laravel\framework\src\Illuminate\Pipeline\Pipeline.php(219): Filament\Http\Middleware\DisableBladeIconComponents-&gt;handle(Object(Illuminate\Http\Request), Object(Closure))
#24 C:\laragon\www\ClientLoop\vendor\laravel\framework\src\Illuminate\Routing\Middleware\SubstituteBindings.php(52): Illuminate\Pipeline\Pipeline-&gt;{closure:{closure:Illuminate\Pipeline\Pipeline::carry():194}:195}(Object(Illuminate\Http\Request))
#25 C:\laragon\www\ClientLoop\vendor\laravel\framework\src\Illuminate\Pipeline\Pipeline.php(219): Illuminate\Routing\Middleware\SubstituteBindings-&gt;handle(Object(Illuminate\Http\Request), Object(Closure))
#26 C:\laragon\www\ClientLoop\vendor\laravel\framework\src\Illuminate\Foundation\Http\Middleware\PreventRequestForgery.php(104): Illuminate\Pipeline\Pipeline-&gt;{closure:{closure:Illuminate\Pipeline\Pipeline::carry():194}:195}(Object(Illuminate\Http\Request))
#27 C:\laragon\www\ClientLoop\vendor\laravel\framework\src\Illuminate\Pipeline\Pipeline.php(219): Illuminate\Foundation\Http\Middleware\PreventRequestForgery-&gt;handle(Object(Illuminate\Http\Request), Object(Closure))
#28 C:\laragon\www\ClientLoop\vendor\laravel\framework\src\Illuminate\Session\Middleware\AuthenticateSession.php(70): Illuminate\Pipeline\Pipeline-&gt;{closure:{closure:Illuminate\Pipeline\Pipeline::carry():194}:195}(Object(Illuminate\Http\Request))
#29 C:\laragon\www\ClientLoop\vendor\laravel\framework\src\Illuminate\Pipeline\Pipeline.php(219): Illuminate\Session\Middleware\AuthenticateSession-&gt;handle(Object(Illuminate\Http\Request), Object(Closure))
#30 C:\laragon\www\ClientLoop\vendor\laravel\framework\src\Illuminate\Auth\Middleware\Authenticate.php(63): Illuminate\Pipeline\Pipeline-&gt;{closure:{closure:Illuminate\Pipeline\Pipeline::carry():194}:195}(Object(Illuminate\Http\Request))
#31 C:\laragon\www\ClientLoop\vendor\laravel\framework\src\Illuminate\Pipeline\Pipeline.php(219): Illuminate\Auth\Middleware\Authenticate-&gt;handle(Object(Illuminate\Http\Request), Object(Closure))
#32 C:\laragon\www\ClientLoop\vendor\laravel\framework\src\Illuminate\View\Middleware\ShareErrorsFromSession.php(48): Illuminate\Pipeline\Pipeline-&gt;{closure:{closure:Illuminate\Pipeline\Pipeline::carry():194}:195}(Object(Illuminate\Http\Request))
#33 C:\laragon\www\ClientLoop\vendor\laravel\framework\src\Illuminate\Pipeline\Pipeline.php(219): Illuminate\View\Middleware\ShareErrorsFromSession-&gt;handle(Object(Illuminate\Http\Request), Object(Closure))
#34 C:\laragon\www\ClientLoop\vendor\laravel\framework\src\Illuminate\Session\Middleware\StartSession.php(120): Illuminate\Pipeline\Pipeline-&gt;{closure:{closure:Illuminate\Pipeline\Pipeline::carry():194}:195}(Object(Illuminate\Http\Request))
#35 C:\laragon\www\ClientLoop\vendor\laravel\framework\src\Illuminate\Session\Middleware\StartSession.php(63): Illuminate\Session\Middleware\StartSession-&gt;handleStatefulRequest(Object(Illuminate\Http\Request), Object(Illuminate\Session\Store), Object(Closure))
#36 C:\laragon\www\ClientLoop\vendor\laravel\framework\src\Illuminate\Pipeline\Pipeline.php(219): Illuminate\Session\Middleware\StartSession-&gt;handle(Object(Illuminate\Http\Request), Object(Closure))
#37 C:\laragon\www\ClientLoop\vendor\laravel\framework\src\Illuminate\Cookie\Middleware\AddQueuedCookiesToResponse.php(36): Illuminate\Pipeline\Pipeline-&gt;{closure:{closure:Illuminate\Pipeline\Pipeline::carry():194}:195}(Object(Illuminate\Http\Request))
#38 C:\laragon\www\ClientLoop\vendor\laravel\framework\src\Illuminate\Pipeline\Pipeline.php(219): Illuminate\Cookie\Middleware\AddQueuedCookiesToResponse-&gt;handle(Object(Illuminate\Http\Request), Object(Closure))
#39 C:\laragon\www\ClientLoop\vendor\laravel\framework\src\Illuminate\Cookie\Middleware\EncryptCookies.php(74): Illuminate\Pipeline\Pipeline-&gt;{closure:{closure:Illuminate\Pipeline\Pipeline::carry():194}:195}(Object(Illuminate\Http\Request))
#40 C:\laragon\www\ClientLoop\vendor\laravel\framework\src\Illuminate\Pipeline\Pipeline.php(219): Illuminate\Cookie\Middleware\EncryptCookies-&gt;handle(Object(Illuminate\Http\Request), Object(Closure))
#41 C:\laragon\www\ClientLoop\vendor\filament\filament\src\Http\Middleware\SetUpPanel.php(19): Illuminate\Pipeline\Pipeline-&gt;{closure:{closure:Illuminate\Pipeline\Pipeline::carry():194}:195}(Object(Illuminate\Http\Request))
#42 C:\laragon\www\ClientLoop\vendor\laravel\framework\src\Illuminate\Pipeline\Pipeline.php(219): Filament\Http\Middleware\SetUpPanel-&gt;handle(Object(Illuminate\Http\Request), Object(Closure), Object(Filament\Panel))
#43 C:\laragon\www\ClientLoop\vendor\laravel\framework\src\Illuminate\Pipeline\Pipeline.php(137): Illuminate\Pipeline\Pipeline-&gt;{closure:{closure:Illuminate\Pipeline\Pipeline::carry():194}:195}(Object(Illuminate\Http\Request))
#44 C:\laragon\www\ClientLoop\vendor\laravel\framework\src\Illuminate\Routing\Router.php(821): Illuminate\Pipeline\Pipeline-&gt;then(Object(Closure))
#45 C:\laragon\www\ClientLoop\vendor\laravel\framework\src\Illuminate\Routing\Router.php(800): Illuminate\Routing\Router-&gt;runRouteWithinStack(Object(Illuminate\Routing\Route), Object(Illuminate\Http\Request))
#46 C:\laragon\www\ClientLoop\vendor\laravel\framework\src\Illuminate\Routing\Router.php(764): Illuminate\Routing\Router-&gt;runRoute(Object(Illuminate\Http\Request), Object(Illuminate\Routing\Route))
#47 C:\laragon\www\ClientLoop\vendor\laravel\framework\src\Illuminate\Routing\Router.php(753): Illuminate\Routing\Router-&gt;dispatchToRoute(Object(Illuminate\Http\Request))
#48 C:\laragon\www\ClientLoop\vendor\laravel\framework\src\Illuminate\Foundation\Http\Kernel.php(200): Illuminate\Routing\Router-&gt;dispatch(Object(Illuminate\Http\Request))
#49 C:\laragon\www\ClientLoop\vendor\laravel\framework\src\Illuminate\Pipeline\Pipeline.php(180): Illuminate\Foundation\Http\Kernel-&gt;{closure:Illuminate\Foundation\Http\Kernel::dispatchToRouter():197}(Object(Illuminate\Http\Request))
#50 C:\laragon\www\ClientLoop\vendor\livewire\livewire\src\Features\SupportDisablingBackButtonCache\DisableBackButtonCacheMiddleware.php(19): Illuminate\Pipeline\Pipeline-&gt;{closure:Illuminate\Pipeline\Pipeline::prepareDestination():178}(Object(Illuminate\Http\Request))
#51 C:\laragon\www\ClientLoop\vendor\laravel\framework\src\Illuminate\Pipeline\Pipeline.php(219): Livewire\Features\SupportDisablingBackButtonCache\DisableBackButtonCacheMiddleware-&gt;handle(Object(Illuminate\Http\Request), Object(Closure))
#52 C:\laragon\www\ClientLoop\vendor\laravel\mcp\src\Server\Middleware\AddWwwAuthenticateHeader.php(21): Illuminate\Pipeline\Pipeline-&gt;{closure:{closure:Illuminate\Pipeline\Pipeline::carry():194}:195}(Object(Illuminate\Http\Request))
#53 C:\laragon\www\ClientLoop\vendor\laravel\framework\src\Illuminate\Pipeline\Pipeline.php(219): Laravel\Mcp\Server\Middleware\AddWwwAuthenticateHeader-&gt;handle(Object(Illuminate\Http\Request), Object(Closure))
#54 C:\laragon\www\ClientLoop\vendor\laravel\framework\src\Illuminate\Foundation\Http\Middleware\TransformsRequest.php(21): Illuminate\Pipeline\Pipeline-&gt;{closure:{closure:Illuminate\Pipeline\Pipeline::carry():194}:195}(Object(Illuminate\Http\Request))
#55 C:\laragon\www\ClientLoop\vendor\laravel\framework\src\Illuminate\Foundation\Http\Middleware\ConvertEmptyStringsToNull.php(31): Illuminate\Foundation\Http\Middleware\TransformsRequest-&gt;handle(Object(Illuminate\Http\Request), Object(Closure))
#56 C:\laragon\www\ClientLoop\vendor\laravel\framework\src\Illuminate\Pipeline\Pipeline.php(219): Illuminate\Foundation\Http\Middleware\ConvertEmptyStringsToNull-&gt;handle(Object(Illuminate\Http\Request), Object(Closure))
#57 C:\laragon\www\ClientLoop\vendor\laravel\framework\src\Illuminate\Foundation\Http\Middleware\TransformsRequest.php(21): Illuminate\Pipeline\Pipeline-&gt;{closure:{closure:Illuminate\Pipeline\Pipeline::carry():194}:195}(Object(Illuminate\Http\Request))
#58 C:\laragon\www\ClientLoop\vendor\laravel\framework\src\Illuminate\Foundation\Http\Middleware\TrimStrings.php(51): Illuminate\Foundation\Http\Middleware\TransformsRequest-&gt;handle(Object(Illuminate\Http\Request), Object(Closure))
#59 C:\laragon\www\ClientLoop\vendor\laravel\framework\src\Illuminate\Pipeline\Pipeline.php(219): Illuminate\Foundation\Http\Middleware\TrimStrings-&gt;handle(Object(Illuminate\Http\Request), Object(Closure))
#60 C:\laragon\www\ClientLoop\vendor\laravel\framework\src\Illuminate\Http\Middleware\ValidatePostSize.php(27): Illuminate\Pipeline\Pipeline-&gt;{closure:{closure:Illuminate\Pipeline\Pipeline::carry():194}:195}(Object(Illuminate\Http\Request))
#61 C:\laragon\www\ClientLoop\vendor\laravel\framework\src\Illuminate\Pipeline\Pipeline.php(219): Illuminate\Http\Middleware\ValidatePostSize-&gt;handle(Object(Illuminate\Http\Request), Object(Closure))
#62 C:\laragon\www\ClientLoop\vendor\laravel\framework\src\Illuminate\Foundation\Http\Middleware\PreventRequestsDuringMaintenance.php(110): Illuminate\Pipeline\Pipeline-&gt;{closure:{closure:Illuminate\Pipeline\Pipeline::carry():194}:195}(Object(Illuminate\Http\Request))
#63 C:\laragon\www\ClientLoop\vendor\laravel\framework\src\Illuminate\Pipeline\Pipeline.php(219): Illuminate\Foundation\Http\Middleware\PreventRequestsDuringMaintenance-&gt;handle(Object(Illuminate\Http\Request), Object(Closure))
#64 C:\laragon\www\ClientLoop\vendor\laravel\framework\src\Illuminate\Http\Middleware\HandleCors.php(61): Illuminate\Pipeline\Pipeline-&gt;{closure:{closure:Illuminate\Pipeline\Pipeline::carry():194}:195}(Object(Illuminate\Http\Request))
#65 C:\laragon\www\ClientLoop\vendor\laravel\framework\src\Illuminate\Pipeline\Pipeline.php(219): Illuminate\Http\Middleware\HandleCors-&gt;handle(Object(Illuminate\Http\Request), Object(Closure))
#66 C:\laragon\www\ClientLoop\vendor\laravel\framework\src\Illuminate\Http\Middleware\TrustProxies.php(58): Illuminate\Pipeline\Pipeline-&gt;{closure:{closure:Illuminate\Pipeline\Pipeline::carry():194}:195}(Object(Illuminate\Http\Request))
#67 C:\laragon\www\ClientLoop\vendor\laravel\framework\src\Illuminate\Pipeline\Pipeline.php(219): Illuminate\Http\Middleware\TrustProxies-&gt;handle(Object(Illuminate\Http\Request), Object(Closure))
#68 C:\laragon\www\ClientLoop\vendor\laravel\framework\src\Illuminate\Foundation\Http\Middleware\InvokeDeferredCallbacks.php(22): Illuminate\Pipeline\Pipeline-&gt;{closure:{closure:Illuminate\Pipeline\Pipeline::carry():194}:195}(Object(Illuminate\Http\Request))
#69 C:\laragon\www\ClientLoop\vendor\laravel\framework\src\Illuminate\Pipeline\Pipeline.php(219): Illuminate\Foundation\Http\Middleware\InvokeDeferredCallbacks-&gt;handle(Object(Illuminate\Http\Request), Object(Closure))
#70 C:\laragon\www\ClientLoop\vendor\laravel\framework\src\Illuminate\Http\Middleware\ValidatePathEncoding.php(28): Illuminate\Pipeline\Pipeline-&gt;{closure:{closure:Illuminate\Pipeline\Pipeline::carry():194}:195}(Object(Illuminate\Http\Request))
#71 C:\laragon\www\ClientLoop\vendor\laravel\framework\src\Illuminate\Pipeline\Pipeline.php(219): Illuminate\Http\Middleware\ValidatePathEncoding-&gt;handle(Object(Illuminate\Http\Request), Object(Closure))
#72 C:\laragon\www\ClientLoop\vendor\laravel\framework\src\Illuminate\Pipeline\Pipeline.php(137): Illuminate\Pipeline\Pipeline-&gt;{closure:{closure:Illuminate\Pipeline\Pipeline::carry():194}:195}(Object(Illuminate\Http\Request))
#73 C:\laragon\www\ClientLoop\vendor\laravel\framework\src\Illuminate\Foundation\Http\Kernel.php(175): Illuminate\Pipeline\Pipeline-&gt;then(Object(Closure))
#74 C:\laragon\www\ClientLoop\vendor\laravel\framework\src\Illuminate\Foundation\Http\Kernel.php(144): Illuminate\Foundation\Http\Kernel-&gt;sendRequestThroughRouter(Object(Illuminate\Http\Request))
#75 C:\laragon\www\ClientLoop\vendor\laravel\framework\src\Illuminate\Foundation\Testing\Concerns\MakesHttpRequests.php(638): Illuminate\Foundation\Http\Kernel-&gt;handle(Object(Illuminate\Http\Request))
#76 C:\laragon\www\ClientLoop\vendor\laravel\framework\src\Illuminate\Foundation\Testing\Concerns\MakesHttpRequests.php(368): Illuminate\Foundation\Testing\TestCase-&gt;call('GET', '/admin/activity...', Array, Array, Array, Array)
#77 C:\laragon\www\ClientLoop\tests\Feature\ActivityLogUiTest.php(57): Illuminate\Foundation\Testing\TestCase-&gt;get('/admin/activity...')
#78 C:\laragon\www\ClientLoop\vendor\phpunit\phpunit\src\Framework\TestCase.php(1318): Tests\Feature\ActivityLogUiTest-&gt;test_completing_opt_out_creates_activity_log_visible_on_page()
#79 C:\laragon\www\ClientLoop\vendor\phpunit\phpunit\src\Framework\TestCase.php(1355): PHPUnit\Framework\TestCase-&gt;invokeTestMethod('test_completing...', Array)
#80 C:\laragon\www\ClientLoop\vendor\phpunit\phpunit\src\Framework\TestCase.php(521): PHPUnit\Framework\TestCase-&gt;runTest()
#81 C:\laragon\www\ClientLoop\vendor\phpunit\phpunit\src\Framework\TestRunner\TestRunner.php(99): PHPUnit\Framework\TestCase-&gt;runBare()
#82 C:\laragon\www\ClientLoop\vendor\phpunit\phpunit\src\Framework\TestCase.php(361): PHPUnit\Framework\TestRunner-&gt;run(Object(Tests\Feature\ActivityLogUiTest))
#83 C:\laragon\www\ClientLoop\vendor\phpunit\phpunit\src\Framework\TestSuite.php(374): PHPUnit\Framework\TestCase-&gt;run()
#84 C:\laragon\www\ClientLoop\vendor\phpunit\phpunit\src\Framework\TestSuite.php(374): PHPUnit\Framework\TestSuite-&gt;run()
#85 C:\laragon\www\ClientLoop\vendor\phpunit\phpunit\src\TextUI\TestRunner.php(64): PHPUnit\Framework\TestSuite-&gt;run()
#86 C:\laragon\www\ClientLoop\vendor\phpunit\phpunit\src\TextUI\Application.php(229): PHPUnit\TextUI\TestRunner-&gt;run(Object(PHPUnit\TextUI\Configuration\Configuration), Object(PHPUnit\Runner\ResultCache\DefaultResultCache), Object(PHPUnit\Framework\TestSuite))
#87 C:\laragon\www\ClientLoop\vendor\phpunit\phpunit\phpunit(104): PHPUnit\TextUI\Application-&gt;run(Array)
#88 {main}

----------------------------------------------------------------------------------

App\Filament\Resources\ActivityLogs\ActivityLogResource::{closure:App\Filament\Resources\ActivityLogs\ActivityLogResource::table():61}(): Argument #1 ($state) must be of type ?array, string given, called in C:\laragon\www\ClientLoop\vendor\filament\support\src\Concerns\EvaluatesClosures.php on line 36 (View: C:\laragon\www\ClientLoop\vendor\filament\tables\resources\views\index.blade.php) (View: C:\laragon\www\ClientLoop\vendor\filament\tables\resources\views\index.blade.php)
&#13;
C:\laragon\www\ClientLoop\vendor\laravel\framework\src\Illuminate\Testing\TestResponseAssert.php:46
C:\laragon\www\ClientLoop\vendor\laravel\framework\src\Illuminate\Testing\TestResponse.php:183
C:\laragon\www\ClientLoop\vendor\laravel\framework\src\Illuminate\Testing\Concerns\AssertsStatusCodes.php:16
C:\laragon\www\ClientLoop\tests\Feature\ActivityLogUiTest.php:58</failure>
      </testcase>
    </testsuite>
    <testsuite name="Tests\Unit\InterfaceLabelsTest" file="C:\laragon\www\ClientLoop\tests\Unit\InterfaceLabelsTest.php" tests="1" assertions="13" errors="0" failures="0" skipped="0" time="0.002707">
      <testcase name="test_internal_values_have_portuguese_labels" file="C:\laragon\www\ClientLoop\tests\Unit\InterfaceLabelsTest.php" line="10" class="Tests\Unit\InterfaceLabelsTest" classname="Tests.Unit.InterfaceLabelsTest" assertions="13" time="0.002707"/>
    </testsuite>
  </testsuite>
</testsuites>
